2024-08-13 11:17:29.637 [main] DEBUG org.apache.poi.openxml4j.opc.PackageRelationshipCollection(36) Parsing relationship: /xl/worksheets/_rels/sheet1.xml.rels
2024-08-13 11:17:29.645 [main] DEBUG org.apache.poi.openxml4j.opc.PackageRelationshipCollection(36) Parsing relationship: /_rels/.rels
2024-08-13 11:17:30.120 [main] DEBUG org.apache.poi.openxml4j.opc.PackageRelationshipCollection(36) Parsing relationship: /xl/_rels/workbook.xml.rels
2024-08-13 11:17:30.121 [main] DEBUG org.apache.poi.openxml4j.opc.PackageRelationshipCollection(36) Parsing relationship: /xl/worksheets/_rels/sheet1.xml.rels
2024-08-13 11:17:30.122 [main] DEBUG org.apache.poi.openxml4j.opc.PackageRelationshipCollection(36) Parsing relationship: /_rels/.rels
2024-08-13 11:17:30.143 [main] DEBUG org.apache.poi.openxml4j.opc.PackageRelationshipCollection(36) Parsing relationship: /xl/_rels/workbook.xml.rels
2024-08-13 11:17:30.144 [main] DEBUG org.apache.poi.openxml4j.opc.PackageRelationshipCollection(36) Parsing relationship: /xl/worksheets/_rels/sheet1.xml.rels
2024-08-13 11:17:30.144 [main] DEBUG org.apache.poi.openxml4j.opc.PackageRelationshipCollection(36) Parsing relationship: /_rels/.rels
2024-08-13 11:17:30.170 [main] DEBUG org.apache.poi.openxml4j.opc.PackageRelationshipCollection(36) Parsing relationship: /xl/_rels/workbook.xml.rels
2024-08-13 11:17:30.170 [main] DEBUG org.apache.poi.openxml4j.opc.PackageRelationshipCollection(36) Parsing relationship: /xl/worksheets/_rels/sheet1.xml.rels
2024-08-13 11:17:30.171 [main] DEBUG org.apache.poi.openxml4j.opc.PackageRelationshipCollection(36) Parsing relationship: /_rels/.rels
2024-08-13 11:17:30.188 [main] DEBUG org.apache.poi.openxml4j.opc.PackageRelationshipCollection(36) Parsing relationship: /xl/_rels/workbook.xml.rels
2024-08-13 11:17:30.189 [main] DEBUG org.apache.poi.openxml4j.opc.PackageRelationshipCollection(36) Parsing relationship: /xl/worksheets/_rels/sheet1.xml.rels
2024-08-13 11:17:30.190 [main] DEBUG org.apache.poi.openxml4j.opc.PackageRelationshipCollection(36) Parsing relationship: /_rels/.rels
2024-08-13 11:17:30.207 [main] DEBUG org.apache.poi.openxml4j.opc.PackageRelationshipCollection(36) Parsing relationship: /xl/_rels/workbook.xml.rels
2024-08-13 11:17:30.207 [main] DEBUG org.apache.poi.openxml4j.opc.PackageRelationshipCollection(36) Parsing relationship: /xl/worksheets/_rels/sheet1.xml.rels
2024-08-13 11:17:30.208 [main] DEBUG org.apache.poi.openxml4j.opc.PackageRelationshipCollection(36) Parsing relationship: /_rels/.rels
2024-08-13 11:17:30.225 [main] DEBUG org.apache.poi.openxml4j.opc.PackageRelationshipCollection(36) Parsing relationship: /xl/_rels/workbook.xml.rels
2024-08-13 11:17:30.226 [main] DEBUG org.apache.poi.openxml4j.opc.PackageRelationshipCollection(36) Parsing relationship: /xl/worksheets/_rels/sheet1.xml.rels
2024-08-13 11:17:30.227 [main] DEBUG org.apache.poi.openxml4j.opc.PackageRelationshipCollection(36) Parsing relationship: /_rels/.rels
2024-08-13 11:17:30.243 [main] DEBUG org.apache.poi.openxml4j.opc.PackageRelationshipCollection(36) Parsing relationship: /xl/_rels/workbook.xml.rels
2024-08-13 11:17:30.244 [main] DEBUG org.apache.poi.openxml4j.opc.PackageRelationshipCollection(36) Parsing relationship: /xl/worksheets/_rels/sheet1.xml.rels
2024-08-13 11:17:30.244 [main] DEBUG org.apache.poi.openxml4j.opc.PackageRelationshipCollection(36) Parsing relationship: /_rels/.rels
2024-08-13 11:17:30.259 [main] DEBUG org.apache.poi.openxml4j.opc.PackageRelationshipCollection(36) Parsing relationship: /xl/_rels/workbook.xml.rels
2024-08-13 11:17:30.260 [main] DEBUG org.apache.poi.openxml4j.opc.PackageRelationshipCollection(36) Parsing relationship: /xl/worksheets/_rels/sheet1.xml.rels
2024-08-13 11:17:30.260 [main] DEBUG org.apache.poi.openxml4j.opc.PackageRelationshipCollection(36) Parsing relationship: /_rels/.rels
2024-08-13 11:17:30.277 [main] DEBUG org.apache.poi.openxml4j.opc.PackageRelationshipCollection(36) Parsing relationship: /xl/_rels/workbook.xml.rels
2024-08-13 11:17:30.277 [main] DEBUG org.apache.poi.openxml4j.opc.PackageRelationshipCollection(36) Parsing relationship: /xl/worksheets/_rels/sheet1.xml.rels
2024-08-13 11:17:30.278 [main] DEBUG org.apache.poi.openxml4j.opc.PackageRelationshipCollection(36) Parsing relationship: /_rels/.rels
2024-08-13 11:17:30.294 [main] DEBUG org.apache.poi.openxml4j.opc.PackageRelationshipCollection(36) Parsing relationship: /xl/_rels/workbook.xml.rels
2024-08-13 11:17:30.295 [main] DEBUG org.apache.poi.openxml4j.opc.PackageRelationshipCollection(36) Parsing relationship: /xl/worksheets/_rels/sheet1.xml.rels
2024-08-13 11:17:30.296 [main] DEBUG org.apache.poi.openxml4j.opc.PackageRelationshipCollection(36) Parsing relationship: /_rels/.rels
2024-08-13 11:17:30.324 [main] INFO  testCases.TC003_LoginDDT(36) ***************Starting the TC003_LoginDDT*************************
2024-08-13 11:17:32.210 [main] INFO  testCases.TC003_LoginDDT(36) ***************Finished the TC003_LoginDDT*************************
2024-08-13 11:17:32.239 [main] INFO  testCases.TC003_LoginDDT(36) ***************Starting the TC003_LoginDDT*************************
2024-08-13 11:17:34.205 [main] INFO  testCases.TC003_LoginDDT(36) ***************Finished the TC003_LoginDDT*************************
2024-08-13 11:17:34.209 [main] INFO  testCases.TC003_LoginDDT(36) ***************Starting the TC003_LoginDDT*************************
2024-08-13 11:17:45.348 [main] INFO  testCases.TC003_LoginDDT(36) ***************Finished the TC003_LoginDDT*************************
2024-08-13 11:17:45.352 [main] INFO  testCases.TC003_LoginDDT(36) ***************Starting the TC003_LoginDDT*************************
2024-08-13 11:18:03.976 [main] DEBUG org.testng.TestNG(36) suiteXmlPath: "C:\Users\user\eclipse-workspace\OPENCARTPROJECTV121\grouping.xml"
2024-08-13 11:18:04.200 [main] INFO  org.testng.internal.Utils(36) [TestNG] Running:
  C:\Users\user\eclipse-workspace\OPENCARTPROJECTV121\grouping.xml

2024-08-13 11:18:08.007 [main] INFO  testCases.TC001_AccountRegistrationTest(36) **************************Starting TC001_AccountRegistrationTest*************************************
2024-08-13 11:18:08.125 [main] INFO  testCases.TC001_AccountRegistrationTest(36) ********Clicked on MyAccount Link************
2024-08-13 11:18:08.719 [main] INFO  testCases.TC001_AccountRegistrationTest(36) ********Clicked on Registration Link************
2024-08-13 11:18:08.723 [main] INFO  testCases.TC001_AccountRegistrationTest(36) ********providing customer Details************
2024-08-13 11:18:10.421 [main] INFO  testCases.TC001_AccountRegistrationTest(36) ********Validating Expected message************
2024-08-13 11:18:10.464 [main] INFO  testCases.TC001_AccountRegistrationTest(36) ***************Finished TC001_AccountRegistrationTest*********************
2024-08-13 11:18:13.562 [main] INFO  testCases.TC002_LoginTest(36) **********Starting TC002_LoginTest**************
2024-08-13 11:18:14.817 [main] INFO  testCases.TC002_LoginTest(36) ********Finished TC002_LoginTest***************
2024-08-13 11:21:36.148 [main] DEBUG org.testng.TestNG(36) suiteXmlPath: "C:\Users\user\eclipse-workspace\OPENCARTPROJECTV121\grouping.xml"
2024-08-13 11:21:36.368 [main] INFO  org.testng.internal.Utils(36) [TestNG] Running:
  C:\Users\user\eclipse-workspace\OPENCARTPROJECTV121\grouping.xml

2024-08-13 11:21:39.827 [main] INFO  testCases.TC001_AccountRegistrationTest(36) **************************Starting TC001_AccountRegistrationTest*************************************
2024-08-13 11:21:39.931 [main] INFO  testCases.TC001_AccountRegistrationTest(36) ********Clicked on MyAccount Link************
2024-08-13 11:21:40.405 [main] INFO  testCases.TC001_AccountRegistrationTest(36) ********Clicked on Registration Link************
2024-08-13 11:21:40.410 [main] INFO  testCases.TC001_AccountRegistrationTest(36) ********providing customer Details************
2024-08-13 11:21:41.766 [main] INFO  testCases.TC001_AccountRegistrationTest(36) ********Validating Expected message************
2024-08-13 11:21:41.813 [main] INFO  testCases.TC001_AccountRegistrationTest(36) ***************Finished TC001_AccountRegistrationTest*********************
2024-08-13 11:21:45.381 [main] INFO  testCases.TC002_LoginTest(36) **********Starting TC002_LoginTest**************
2024-08-13 11:21:46.688 [main] INFO  testCases.TC002_LoginTest(36) ********Finished TC002_LoginTest***************
2024-08-13 11:25:03.498 [main] DEBUG org.testng.TestNG(36) suiteXmlPath: "C:\Users\user\eclipse-workspace\OPENCARTPROJECTV121\grouping.xml"
2024-08-13 11:25:03.720 [main] INFO  org.testng.internal.Utils(36) [TestNG] Running:
  C:\Users\user\eclipse-workspace\OPENCARTPROJECTV121\grouping.xml

2024-08-13 11:25:08.328 [main] INFO  testCases.TC001_AccountRegistrationTest(36) **************************Starting TC001_AccountRegistrationTest*************************************
2024-08-13 11:25:08.466 [main] INFO  testCases.TC001_AccountRegistrationTest(36) ********Clicked on MyAccount Link************
2024-08-13 11:25:10.065 [main] INFO  testCases.TC001_AccountRegistrationTest(36) ********Clicked on Registration Link************
2024-08-13 11:25:10.067 [main] INFO  testCases.TC001_AccountRegistrationTest(36) ********providing customer Details************
2024-08-13 11:25:11.469 [main] INFO  testCases.TC001_AccountRegistrationTest(36) ********Validating Expected message************
2024-08-13 11:25:11.512 [main] INFO  testCases.TC001_AccountRegistrationTest(36) ***************Finished TC001_AccountRegistrationTest*********************
2024-08-13 11:25:15.897 [main] INFO  testCases.TC002_LoginTest(36) **********Starting TC002_LoginTest**************
2024-08-13 11:25:17.586 [main] INFO  testCases.TC002_LoginTest(36) ********Finished TC002_LoginTest***************
2024-08-13 11:26:51.597 [main] DEBUG org.testng.TestNG(36) suiteXmlPath: "C:\Users\user\eclipse-workspace\OPENCARTPROJECTV121\grouping.xml"
2024-08-13 11:26:51.815 [main] INFO  org.testng.internal.Utils(36) [TestNG] Running:
  C:\Users\user\eclipse-workspace\OPENCARTPROJECTV121\grouping.xml

2024-08-13 11:26:56.126 [main] INFO  testCases.TC001_AccountRegistrationTest(36) **************************Starting TC001_AccountRegistrationTest*************************************
2024-08-13 11:26:56.242 [main] INFO  testCases.TC001_AccountRegistrationTest(36) ********Clicked on MyAccount Link************
2024-08-13 11:26:56.904 [main] INFO  testCases.TC001_AccountRegistrationTest(36) ********Clicked on Registration Link************
2024-08-13 11:26:56.906 [main] INFO  testCases.TC001_AccountRegistrationTest(36) ********providing customer Details************
2024-08-13 11:26:58.481 [main] INFO  testCases.TC001_AccountRegistrationTest(36) ********Validating Expected message************
2024-08-13 11:26:58.526 [main] INFO  testCases.TC001_AccountRegistrationTest(36) ***************Finished TC001_AccountRegistrationTest*********************
2024-08-13 11:27:02.149 [main] INFO  testCases.TC002_LoginTest(36) **********Starting TC002_LoginTest**************
2024-08-13 11:34:44.194 [main] DEBUG org.testng.TestNG(36) suiteXmlPath: "C:\Users\user\eclipse-workspace\OPENCARTPROJECTV121\master.xml"
2024-08-13 11:34:44.416 [main] INFO  org.testng.internal.Utils(36) [TestNG] Running:
  C:\Users\user\eclipse-workspace\OPENCARTPROJECTV121\master.xml

2024-08-13 11:34:51.664 [main] INFO  testCases.TC001_AccountRegistrationTest(36) **************************Starting TC001_AccountRegistrationTest*************************************
2024-08-13 11:34:51.780 [main] INFO  testCases.TC001_AccountRegistrationTest(36) ********Clicked on MyAccount Link************
2024-08-13 11:34:52.397 [main] INFO  testCases.TC001_AccountRegistrationTest(36) ********Clicked on Registration Link************
2024-08-13 11:34:52.400 [main] INFO  testCases.TC001_AccountRegistrationTest(36) ********providing customer Details************
2024-08-13 11:34:54.054 [main] INFO  testCases.TC001_AccountRegistrationTest(36) ********Validating Expected message************
2024-08-13 11:34:54.094 [main] INFO  testCases.TC001_AccountRegistrationTest(36) ***************Finished TC001_AccountRegistrationTest*********************
2024-08-13 11:34:59.948 [main] INFO  testCases.TC002_LoginTest(36) **********Starting TC002_LoginTest**************
2024-08-13 11:36:46.933 [main] DEBUG org.testng.TestNG(36) suiteXmlPath: "C:\Users\user\eclipse-workspace\OPENCARTPROJECTV121\test-output\testng-failed.xml"
2024-08-13 11:36:47.145 [main] INFO  org.testng.internal.Utils(36) [TestNG] Running:
  C:\Users\user\eclipse-workspace\OPENCARTPROJECTV121\test-output\testng-failed.xml

2024-08-13 11:36:50.737 [main] INFO  testCases.TC002_LoginTest(36) **********Starting TC002_LoginTest**************
2024-08-13 11:40:54.563 [main] DEBUG org.testng.TestNG(36) suiteXmlPath: "C:\Users\user\eclipse-workspace\OPENCARTPROJECTV121\master.xml"
2024-08-13 11:40:54.781 [main] INFO  org.testng.internal.Utils(36) [TestNG] Running:
  C:\Users\user\eclipse-workspace\OPENCARTPROJECTV121\master.xml

2024-08-13 11:40:58.755 [main] INFO  testCases.TC001_AccountRegistrationTest(36) **************************Starting TC001_AccountRegistrationTest*************************************
2024-08-13 11:40:58.865 [main] INFO  testCases.TC001_AccountRegistrationTest(36) ********Clicked on MyAccount Link************
2024-08-13 11:40:59.410 [main] INFO  testCases.TC001_AccountRegistrationTest(36) ********Clicked on Registration Link************
2024-08-13 11:40:59.411 [main] INFO  testCases.TC001_AccountRegistrationTest(36) ********providing customer Details************
2024-08-13 11:41:00.807 [main] INFO  testCases.TC001_AccountRegistrationTest(36) ********Validating Expected message************
2024-08-13 11:41:00.852 [main] ERROR testCases.TC001_AccountRegistrationTest(36) Test failed
2024-08-13 11:41:00.852 [main] DEBUG testCases.TC001_AccountRegistrationTest(36) Debug logs
2024-08-13 11:41:04.195 [main] INFO  testCases.TC002_LoginTest(36) **********Starting TC002_LoginTest**************
2024-08-13 11:41:05.432 [main] INFO  testCases.TC002_LoginTest(36) ********Finished TC002_LoginTest***************
2024-08-13 11:42:55.595 [main] DEBUG org.testng.TestNG(36) suiteXmlPath: "C:\Users\user\eclipse-workspace\OPENCARTPROJECTV121\master.xml"
2024-08-13 11:42:55.813 [main] INFO  org.testng.internal.Utils(36) [TestNG] Running:
  C:\Users\user\eclipse-workspace\OPENCARTPROJECTV121\master.xml

2024-08-13 11:42:59.917 [main] INFO  testCases.TC001_AccountRegistrationTest(36) **************************Starting TC001_AccountRegistrationTest*************************************
2024-08-13 11:43:00.028 [main] INFO  testCases.TC001_AccountRegistrationTest(36) ********Clicked on MyAccount Link************
2024-08-13 11:43:00.655 [main] INFO  testCases.TC001_AccountRegistrationTest(36) ********Clicked on Registration Link************
2024-08-13 11:43:00.658 [main] INFO  testCases.TC001_AccountRegistrationTest(36) ********providing customer Details************
2024-08-13 11:43:02.206 [main] INFO  testCases.TC001_AccountRegistrationTest(36) ********Validating Expected message************
2024-08-13 11:43:02.248 [main] ERROR testCases.TC001_AccountRegistrationTest(36) Test failed
2024-08-13 11:43:02.249 [main] DEBUG testCases.TC001_AccountRegistrationTest(36) Debug logs
2024-08-13 11:43:04.971 [main] INFO  testCases.TC002_LoginTest(36) **********Starting TC002_LoginTest**************
2024-08-13 11:44:59.353 [main] DEBUG org.testng.TestNG(36) suiteXmlPath: "C:\Users\user\eclipse-workspace\OPENCARTPROJECTV121\master.xml"
2024-08-13 11:44:59.572 [main] INFO  org.testng.internal.Utils(36) [TestNG] Running:
  C:\Users\user\eclipse-workspace\OPENCARTPROJECTV121\master.xml

2024-08-13 11:45:04.081 [main] INFO  testCases.TC001_AccountRegistrationTest(36) **************************Starting TC001_AccountRegistrationTest*************************************
2024-08-13 11:45:04.194 [main] INFO  testCases.TC001_AccountRegistrationTest(36) ********Clicked on MyAccount Link************
2024-08-13 11:45:04.646 [main] INFO  testCases.TC001_AccountRegistrationTest(36) ********Clicked on Registration Link************
2024-08-13 11:45:04.648 [main] INFO  testCases.TC001_AccountRegistrationTest(36) ********providing customer Details************
2024-08-13 11:45:06.157 [main] INFO  testCases.TC001_AccountRegistrationTest(36) ********Validating Expected message************
2024-08-13 11:45:06.202 [main] INFO  testCases.TC001_AccountRegistrationTest(36) ***************Finished TC001_AccountRegistrationTest*********************
2024-08-13 11:45:09.339 [main] INFO  testCases.TC002_LoginTest(36) **********Starting TC002_LoginTest**************
2024-08-13 11:45:10.605 [main] INFO  testCases.TC002_LoginTest(36) ********Finished TC002_LoginTest***************
2024-08-13 11:53:17.503 [main] DEBUG org.testng.TestNG(36) suiteXmlPath: "C:\Users\user\eclipse-workspace\OPENCARTPROJECTV121\grouping.xml"
2024-08-13 11:53:17.730 [main] INFO  org.testng.internal.Utils(36) [TestNG] Running:
  C:\Users\user\eclipse-workspace\OPENCARTPROJECTV121\grouping.xml

2024-08-13 11:53:27.392 [main] INFO  testCases.TC001_AccountRegistrationTest(36) **************************Starting TC001_AccountRegistrationTest*************************************
2024-08-13 11:53:27.502 [main] INFO  testCases.TC001_AccountRegistrationTest(36) ********Clicked on MyAccount Link************
2024-08-13 11:53:28.211 [main] INFO  testCases.TC001_AccountRegistrationTest(36) ********Clicked on Registration Link************
2024-08-13 11:53:28.213 [main] INFO  testCases.TC001_AccountRegistrationTest(36) ********providing customer Details************
2024-08-13 11:53:30.072 [main] INFO  testCases.TC001_AccountRegistrationTest(36) ********Validating Expected message************
2024-08-13 11:53:30.118 [main] INFO  testCases.TC001_AccountRegistrationTest(36) ***************Finished TC001_AccountRegistrationTest*********************
2024-08-13 11:53:38.048 [main] INFO  testCases.TC002_LoginTest(36) **********Starting TC002_LoginTest**************
2024-08-13 11:53:39.362 [main] INFO  testCases.TC002_LoginTest(36) ********Finished TC002_LoginTest***************
2024-08-13 12:02:33.420 [main] DEBUG org.testng.TestNG(36) suiteXmlPath: "C:\Users\user\eclipse-workspace\OPENCARTPROJECTV121\grouping.xml"
2024-08-13 12:02:33.644 [main] INFO  org.testng.internal.Utils(36) [TestNG] Running:
  C:\Users\user\eclipse-workspace\OPENCARTPROJECTV121\grouping.xml

2024-08-13 12:02:50.452 [main] INFO  testCases.TC001_AccountRegistrationTest(36) **************************Starting TC001_AccountRegistrationTest*************************************
2024-08-13 12:02:50.569 [main] INFO  testCases.TC001_AccountRegistrationTest(36) ********Clicked on MyAccount Link************
2024-08-13 12:02:52.368 [main] INFO  testCases.TC001_AccountRegistrationTest(36) ********Clicked on Registration Link************
2024-08-13 12:02:52.372 [main] INFO  testCases.TC001_AccountRegistrationTest(36) ********providing customer Details************
2024-08-13 12:02:53.909 [main] INFO  testCases.TC001_AccountRegistrationTest(36) ********Validating Expected message************
2024-08-13 12:02:53.955 [main] INFO  testCases.TC001_AccountRegistrationTest(36) ***************Finished TC001_AccountRegistrationTest*********************
2024-08-13 12:03:00.293 [main] INFO  testCases.TC002_LoginTest(36) **********Starting TC002_LoginTest**************
2024-08-13 12:03:02.460 [main] INFO  testCases.TC002_LoginTest(36) ********Finished TC002_LoginTest***************
2024-08-19 16:20:46.121 [main] DEBUG org.testng.TestNG(36) suiteXmlPath: "C:\Users\user\eclipse-workspace\OPENCARTPROJECTV121\master.xml"
2024-08-19 16:20:46.366 [main] INFO  org.testng.internal.Utils(36) [TestNG] Running:
  C:\Users\user\eclipse-workspace\OPENCARTPROJECTV121\master.xml

2024-08-19 16:22:09.701 [main] DEBUG org.testng.TestNG(36) suiteXmlPath: "C:\Users\user\eclipse-workspace\OPENCARTPROJECTV121\master.xml"
2024-08-19 16:22:09.917 [main] INFO  org.testng.internal.Utils(36) [TestNG] Running:
  C:\Users\user\eclipse-workspace\OPENCARTPROJECTV121\master.xml

2024-08-19 16:30:17.773 [main] DEBUG org.testng.TestNG(36) suiteXmlPath: "C:\Users\user\eclipse-workspace\OPENCARTPROJECTV121\master.xml"
2024-08-19 16:30:17.997 [main] INFO  org.testng.internal.Utils(36) [TestNG] Running:
  C:\Users\user\eclipse-workspace\OPENCARTPROJECTV121\master.xml

2024-08-19 16:33:46.714 [main] DEBUG org.testng.TestNG(36) suiteXmlPath: "C:\Users\user\eclipse-workspace\OPENCARTPROJECTV121\master.xml"
2024-08-19 16:33:46.936 [main] INFO  org.testng.internal.Utils(36) [TestNG] Running:
  C:\Users\user\eclipse-workspace\OPENCARTPROJECTV121\master.xml

2024-08-19 16:37:19.288 [main] DEBUG org.testng.TestNG(36) suiteXmlPath: "C:\Users\user\eclipse-workspace\OPENCARTPROJECTV121\master.xml"
2024-08-19 16:37:19.511 [main] INFO  org.testng.internal.Utils(36) [TestNG] Running:
  C:\Users\user\eclipse-workspace\OPENCARTPROJECTV121\master.xml

2024-08-19 16:37:36.170 [main] INFO  testCases.TC001_AccountRegistrationTest(36) **************************Starting TC001_AccountRegistrationTest*************************************
2024-08-19 16:37:36.272 [main] INFO  testCases.TC001_AccountRegistrationTest(36) ********Clicked on MyAccount Link************
2024-08-19 16:37:36.876 [main] INFO  testCases.TC001_AccountRegistrationTest(36) ********Clicked on Registration Link************
2024-08-19 16:37:36.879 [main] INFO  testCases.TC001_AccountRegistrationTest(36) ********providing customer Details************
2024-08-19 16:37:38.185 [main] INFO  testCases.TC001_AccountRegistrationTest(36) ********Validating Expected message************
2024-08-19 16:37:38.235 [main] INFO  testCases.TC001_AccountRegistrationTest(36) ***************Finished TC001_AccountRegistrationTest*********************
2024-08-19 16:37:41.121 [main] INFO  testCases.TC002_LoginTest(36) **********Starting TC002_LoginTest**************
2024-08-19 16:37:42.431 [main] INFO  testCases.TC002_LoginTest(36) ********Finished TC002_LoginTest***************
2024-08-19 16:39:23.000 [main] DEBUG org.testng.TestNG(36) suiteXmlPath: "C:\Users\user\eclipse-workspace\OPENCARTPROJECTV121\master.xml"
2024-08-19 16:39:23.221 [main] INFO  org.testng.internal.Utils(36) [TestNG] Running:
  C:\Users\user\eclipse-workspace\OPENCARTPROJECTV121\master.xml

2024-08-19 16:39:26.304 [main] INFO  testCases.TC001_AccountRegistrationTest(36) **************************Starting TC001_AccountRegistrationTest*************************************
2024-08-19 16:39:26.415 [main] INFO  testCases.TC001_AccountRegistrationTest(36) ********Clicked on MyAccount Link************
2024-08-19 16:39:27.036 [main] INFO  testCases.TC001_AccountRegistrationTest(36) ********Clicked on Registration Link************
2024-08-19 16:39:27.039 [main] INFO  testCases.TC001_AccountRegistrationTest(36) ********providing customer Details************
2024-08-19 16:39:28.423 [main] INFO  testCases.TC001_AccountRegistrationTest(36) ********Validating Expected message************
2024-08-19 16:39:28.468 [main] INFO  testCases.TC001_AccountRegistrationTest(36) ***************Finished TC001_AccountRegistrationTest*********************
2024-08-19 16:39:31.342 [main] INFO  testCases.TC002_LoginTest(36) **********Starting TC002_LoginTest**************
2024-08-19 16:39:32.866 [main] INFO  testCases.TC002_LoginTest(36) ********Finished TC002_LoginTest***************
2024-08-19 16:41:44.556 [main] DEBUG org.testng.TestNG(36) suiteXmlPath: "C:\Users\user\eclipse-workspace\OPENCARTPROJECTV121\master.xml"
2024-08-19 16:41:44.774 [main] INFO  org.testng.internal.Utils(36) [TestNG] Running:
  C:\Users\user\eclipse-workspace\OPENCARTPROJECTV121\master.xml

2024-08-19 16:41:48.064 [main] INFO  testCases.TC001_AccountRegistrationTest(36) **************************Starting TC001_AccountRegistrationTest*************************************
2024-08-19 16:41:48.194 [main] INFO  testCases.TC001_AccountRegistrationTest(36) ********Clicked on MyAccount Link************
2024-08-19 16:41:48.713 [main] INFO  testCases.TC001_AccountRegistrationTest(36) ********Clicked on Registration Link************
2024-08-19 16:41:48.717 [main] INFO  testCases.TC001_AccountRegistrationTest(36) ********providing customer Details************
2024-08-19 16:41:50.155 [main] INFO  testCases.TC001_AccountRegistrationTest(36) ********Validating Expected message************
2024-08-19 16:41:50.203 [main] INFO  testCases.TC001_AccountRegistrationTest(36) ***************Finished TC001_AccountRegistrationTest*********************
2024-08-19 16:41:53.202 [main] INFO  testCases.TC002_LoginTest(36) **********Starting TC002_LoginTest**************
2024-08-19 16:41:54.871 [main] INFO  testCases.TC002_LoginTest(36) ********Finished TC002_LoginTest***************
2024-08-19 16:43:32.994 [main] DEBUG org.testng.TestNG(36) suiteXmlPath: "C:\Users\user\eclipse-workspace\OPENCARTPROJECTV121\master.xml"
2024-08-19 16:43:33.213 [main] INFO  org.testng.internal.Utils(36) [TestNG] Running:
  C:\Users\user\eclipse-workspace\OPENCARTPROJECTV121\master.xml

2024-08-19 16:43:36.564 [main] INFO  testCases.TC001_AccountRegistrationTest(36) **************************Starting TC001_AccountRegistrationTest*************************************
2024-08-19 16:43:36.697 [main] INFO  testCases.TC001_AccountRegistrationTest(36) ********Clicked on MyAccount Link************
2024-08-19 16:43:37.245 [main] INFO  testCases.TC001_AccountRegistrationTest(36) ********Clicked on Registration Link************
2024-08-19 16:43:37.247 [main] INFO  testCases.TC001_AccountRegistrationTest(36) ********providing customer Details************
2024-08-19 16:43:38.703 [main] INFO  testCases.TC001_AccountRegistrationTest(36) ********Validating Expected message************
2024-08-19 16:43:38.754 [main] INFO  testCases.TC001_AccountRegistrationTest(36) ***************Finished TC001_AccountRegistrationTest*********************
2024-08-19 16:43:41.472 [main] INFO  testCases.TC002_LoginTest(36) **********Starting TC002_LoginTest**************
2024-08-19 16:43:42.784 [main] INFO  testCases.TC002_LoginTest(36) ********Finished TC002_LoginTest***************
2024-08-19 16:44:28.709 [main] DEBUG org.testng.TestNG(36) suiteXmlPath: "C:\Users\user\eclipse-workspace\OPENCARTPROJECTV121\master.xml"
2024-08-19 16:44:28.938 [main] INFO  org.testng.internal.Utils(36) [TestNG] Running:
  C:\Users\user\eclipse-workspace\OPENCARTPROJECTV121\master.xml

2024-08-19 16:44:32.101 [main] INFO  testCases.TC001_AccountRegistrationTest(36) **************************Starting TC001_AccountRegistrationTest*************************************
2024-08-19 16:44:32.250 [main] INFO  testCases.TC001_AccountRegistrationTest(36) ********Clicked on MyAccount Link************
2024-08-19 16:44:32.771 [main] INFO  testCases.TC001_AccountRegistrationTest(36) ********Clicked on Registration Link************
2024-08-19 16:44:32.774 [main] INFO  testCases.TC001_AccountRegistrationTest(36) ********providing customer Details************
2024-08-19 16:44:34.188 [main] INFO  testCases.TC001_AccountRegistrationTest(36) ********Validating Expected message************
2024-08-19 16:44:34.245 [main] INFO  testCases.TC001_AccountRegistrationTest(36) ***************Finished TC001_AccountRegistrationTest*********************
2024-08-19 16:44:36.977 [main] INFO  testCases.TC002_LoginTest(36) **********Starting TC002_LoginTest**************
2024-08-19 16:44:38.274 [main] INFO  testCases.TC002_LoginTest(36) ********Finished TC002_LoginTest***************
2024-08-19 16:50:31.152 [main] DEBUG org.testng.TestNG(36) suiteXmlPath: "C:\Users\user\eclipse-workspace\OPENCARTPROJECTV121\master.xml"
2024-08-19 16:50:31.370 [main] INFO  org.testng.internal.Utils(36) [TestNG] Running:
  C:\Users\user\eclipse-workspace\OPENCARTPROJECTV121\master.xml

2024-08-19 16:50:35.284 [main] INFO  testCases.TC001_AccountRegistrationTest(36) **************************Starting TC001_AccountRegistrationTest*************************************
2024-08-19 16:50:35.441 [main] INFO  testCases.TC001_AccountRegistrationTest(36) ********Clicked on MyAccount Link************
2024-08-19 16:50:35.955 [main] INFO  testCases.TC001_AccountRegistrationTest(36) ********Clicked on Registration Link************
2024-08-19 16:50:35.957 [main] INFO  testCases.TC001_AccountRegistrationTest(36) ********providing customer Details************
2024-08-19 16:50:37.384 [main] INFO  testCases.TC001_AccountRegistrationTest(36) ********Validating Expected message************
2024-08-19 16:50:37.433 [main] INFO  testCases.TC001_AccountRegistrationTest(36) ***************Finished TC001_AccountRegistrationTest*********************
2024-08-19 16:50:40.263 [main] INFO  testCases.TC002_LoginTest(36) **********Starting TC002_LoginTest**************
2024-08-19 16:50:41.538 [main] INFO  testCases.TC002_LoginTest(36) ********Finished TC002_LoginTest***************
2024-08-19 16:52:06.273 [main] DEBUG org.testng.TestNG(36) suiteXmlPath: "C:\Users\user\eclipse-workspace\OPENCARTPROJECTV121\master.xml"
2024-08-19 16:52:06.489 [main] INFO  org.testng.internal.Utils(36) [TestNG] Running:
  C:\Users\user\eclipse-workspace\OPENCARTPROJECTV121\master.xml

2024-08-19 16:52:09.858 [main] INFO  testCases.TC001_AccountRegistrationTest(36) **************************Starting TC001_AccountRegistrationTest*************************************
2024-08-19 16:52:09.970 [main] INFO  testCases.TC001_AccountRegistrationTest(36) ********Clicked on MyAccount Link************
2024-08-19 16:52:10.505 [main] INFO  testCases.TC001_AccountRegistrationTest(36) ********Clicked on Registration Link************
2024-08-19 16:52:10.507 [main] INFO  testCases.TC001_AccountRegistrationTest(36) ********providing customer Details************
2024-08-19 16:52:11.911 [main] INFO  testCases.TC001_AccountRegistrationTest(36) ********Validating Expected message************
2024-08-19 16:52:11.960 [main] INFO  testCases.TC001_AccountRegistrationTest(36) ***************Finished TC001_AccountRegistrationTest*********************
2024-08-19 16:52:14.761 [main] INFO  testCases.TC002_LoginTest(36) **********Starting TC002_LoginTest**************
2024-08-19 16:52:16.330 [main] INFO  testCases.TC002_LoginTest(36) ********Finished TC002_LoginTest***************
2024-08-19 16:55:30.193 [main] DEBUG org.testng.TestNG(36) suiteXmlPath: "C:\Users\user\eclipse-workspace\OPENCARTPROJECTV121\master.xml"
2024-08-19 16:55:30.427 [main] INFO  org.testng.internal.Utils(36) [TestNG] Running:
  C:\Users\user\eclipse-workspace\OPENCARTPROJECTV121\master.xml

2024-08-19 16:55:33.647 [main] INFO  testCases.TC001_AccountRegistrationTest(36) **************************Starting TC001_AccountRegistrationTest*************************************
2024-08-19 16:55:33.775 [main] INFO  testCases.TC001_AccountRegistrationTest(36) ********Clicked on MyAccount Link************
2024-08-19 16:55:34.276 [main] INFO  testCases.TC001_AccountRegistrationTest(36) ********Clicked on Registration Link************
2024-08-19 16:55:34.279 [main] INFO  testCases.TC001_AccountRegistrationTest(36) ********providing customer Details************
2024-08-19 16:55:35.801 [main] INFO  testCases.TC001_AccountRegistrationTest(36) ********Validating Expected message************
2024-08-19 16:55:35.842 [main] INFO  testCases.TC001_AccountRegistrationTest(36) ***************Finished TC001_AccountRegistrationTest*********************
2024-08-19 16:55:39.390 [main] INFO  testCases.TC002_LoginTest(36) **********Starting TC002_LoginTest**************
2024-08-19 16:55:40.652 [main] INFO  testCases.TC002_LoginTest(36) ********Finished TC002_LoginTest***************
2024-08-19 16:57:28.284 [main] DEBUG org.testng.TestNG(36) suiteXmlPath: "C:\Users\user\eclipse-workspace\OPENCARTPROJECTV121\master.xml"
2024-08-19 16:57:28.504 [main] INFO  org.testng.internal.Utils(36) [TestNG] Running:
  C:\Users\user\eclipse-workspace\OPENCARTPROJECTV121\master.xml

2024-08-19 16:57:31.514 [main] INFO  testCases.TC001_AccountRegistrationTest(36) **************************Starting TC001_AccountRegistrationTest*************************************
2024-08-19 16:57:31.622 [main] INFO  testCases.TC001_AccountRegistrationTest(36) ********Clicked on MyAccount Link************
2024-08-19 16:57:32.170 [main] INFO  testCases.TC001_AccountRegistrationTest(36) ********Clicked on Registration Link************
2024-08-19 16:57:32.174 [main] INFO  testCases.TC001_AccountRegistrationTest(36) ********providing customer Details************
2024-08-19 16:57:33.541 [main] INFO  testCases.TC001_AccountRegistrationTest(36) ********Validating Expected message************
2024-08-19 16:57:33.592 [main] INFO  testCases.TC001_AccountRegistrationTest(36) ***************Finished TC001_AccountRegistrationTest*********************
2024-08-19 16:57:36.807 [main] INFO  testCases.TC002_LoginTest(36) **********Starting TC002_LoginTest**************
2024-08-19 16:57:38.373 [main] INFO  testCases.TC002_LoginTest(36) ********Finished TC002_LoginTest***************
2024-08-19 16:59:21.398 [main] DEBUG org.testng.TestNG(36) suiteXmlPath: "C:\Users\user\eclipse-workspace\OPENCARTPROJECTV121\CrossBrowserTesting.xml"
2024-08-19 16:59:21.627 [main] INFO  org.testng.internal.Utils(36) [TestNG] Running:
  C:\Users\user\eclipse-workspace\OPENCARTPROJECTV121\CrossBrowserTesting.xml

2024-08-19 16:59:29.321 [TestNG-tests-1] INFO  testCases.TC001_AccountRegistrationTest(36) **************************Starting TC001_AccountRegistrationTest*************************************
2024-08-19 16:59:29.435 [TestNG-tests-1] INFO  testCases.TC001_AccountRegistrationTest(36) ********Clicked on MyAccount Link************
2024-08-19 16:59:31.228 [TestNG-tests-1] INFO  testCases.TC001_AccountRegistrationTest(36) ********Clicked on Registration Link************
2024-08-19 16:59:31.230 [TestNG-tests-1] INFO  testCases.TC001_AccountRegistrationTest(36) ********providing customer Details************
2024-08-19 16:59:32.832 [TestNG-tests-1] INFO  testCases.TC001_AccountRegistrationTest(36) ********Validating Expected message************
2024-08-19 16:59:32.882 [TestNG-tests-1] INFO  testCases.TC001_AccountRegistrationTest(36) ***************Finished TC001_AccountRegistrationTest*********************
2024-08-19 17:01:13.417 [TestNG-tests-3] INFO  testCases.TC001_AccountRegistrationTest(36) **************************Starting TC001_AccountRegistrationTest*************************************
2024-08-19 17:01:13.702 [TestNG-tests-3] INFO  testCases.TC001_AccountRegistrationTest(36) ********Clicked on MyAccount Link************
2024-08-19 17:01:14.444 [TestNG-tests-3] INFO  testCases.TC001_AccountRegistrationTest(36) ********Clicked on Registration Link************
2024-08-19 17:01:14.444 [TestNG-tests-3] INFO  testCases.TC001_AccountRegistrationTest(36) ********providing customer Details************
2024-08-19 17:01:15.143 [TestNG-tests-3] INFO  testCases.TC001_AccountRegistrationTest(36) ********Validating Expected message************
2024-08-19 17:01:15.677 [TestNG-tests-3] INFO  testCases.TC001_AccountRegistrationTest(36) ***************Finished TC001_AccountRegistrationTest*********************
2024-08-19 17:05:30.937 [main] DEBUG org.testng.TestNG(36) suiteXmlPath: "C:\Users\user\eclipse-workspace\OPENCARTPROJECTV121\CrossBrowserTesting.xml"
2024-08-19 17:05:31.165 [main] INFO  org.testng.internal.Utils(36) [TestNG] Running:
  C:\Users\user\eclipse-workspace\OPENCARTPROJECTV121\CrossBrowserTesting.xml

2024-08-19 17:05:40.114 [TestNG-tests-1] INFO  testCases.TC001_AccountRegistrationTest(36) **************************Starting TC001_AccountRegistrationTest*************************************
2024-08-19 17:05:40.113 [TestNG-tests-3] INFO  testCases.TC001_AccountRegistrationTest(36) **************************Starting TC001_AccountRegistrationTest*************************************
2024-08-19 17:05:40.393 [TestNG-tests-3] INFO  testCases.TC001_AccountRegistrationTest(36) ********Clicked on MyAccount Link************
2024-08-19 17:05:40.614 [TestNG-tests-1] INFO  testCases.TC001_AccountRegistrationTest(36) ********Clicked on MyAccount Link************
2024-08-19 17:07:36.216 [main] DEBUG org.testng.TestNG(36) suiteXmlPath: "C:\Users\user\eclipse-workspace\OPENCARTPROJECTV121\CrossBrowserTesting.xml"
2024-08-19 17:07:36.444 [main] INFO  org.testng.internal.Utils(36) [TestNG] Running:
  C:\Users\user\eclipse-workspace\OPENCARTPROJECTV121\CrossBrowserTesting.xml

2024-08-19 17:07:41.372 [TestNG-tests-1] INFO  testCases.TC001_AccountRegistrationTest(36) **************************Starting TC001_AccountRegistrationTest*************************************
2024-08-19 17:07:43.745 [TestNG-tests-3] INFO  testCases.TC001_AccountRegistrationTest(36) **************************Starting TC001_AccountRegistrationTest*************************************
2024-08-19 17:07:43.981 [TestNG-tests-1] INFO  testCases.TC001_AccountRegistrationTest(36) ********Clicked on MyAccount Link************
2024-08-19 17:07:44.218 [TestNG-tests-3] INFO  testCases.TC001_AccountRegistrationTest(36) ********Clicked on MyAccount Link************
2024-08-19 17:08:40.967 [main] DEBUG org.testng.TestNG(36) suiteXmlPath: "C:\Users\user\eclipse-workspace\OPENCARTPROJECTV121\master.xml"
2024-08-19 17:08:41.194 [main] INFO  org.testng.internal.Utils(36) [TestNG] Running:
  C:\Users\user\eclipse-workspace\OPENCARTPROJECTV121\master.xml

2024-08-19 17:08:48.153 [main] INFO  testCases.TC001_AccountRegistrationTest(36) **************************Starting TC001_AccountRegistrationTest*************************************
2024-08-19 17:08:48.312 [main] INFO  testCases.TC001_AccountRegistrationTest(36) ********Clicked on MyAccount Link************
2024-08-19 17:08:49.309 [main] INFO  testCases.TC001_AccountRegistrationTest(36) ********Clicked on Registration Link************
2024-08-19 17:08:49.311 [main] INFO  testCases.TC001_AccountRegistrationTest(36) ********providing customer Details************
2024-08-19 17:08:51.304 [main] INFO  testCases.TC001_AccountRegistrationTest(36) ********Validating Expected message************
2024-08-19 17:08:51.360 [main] INFO  testCases.TC001_AccountRegistrationTest(36) ***************Finished TC001_AccountRegistrationTest*********************
2024-08-19 17:08:55.433 [main] INFO  testCases.TC002_LoginTest(36) **********Starting TC002_LoginTest**************
2024-08-19 17:08:56.771 [main] INFO  testCases.TC002_LoginTest(36) ********Finished TC002_LoginTest***************
2024-08-19 17:09:35.918 [main] DEBUG org.testng.TestNG(36) suiteXmlPath: "C:\Users\user\eclipse-workspace\OPENCARTPROJECTV121\CrossBrowserTesting.xml"
2024-08-19 17:09:36.150 [main] INFO  org.testng.internal.Utils(36) [TestNG] Running:
  C:\Users\user\eclipse-workspace\OPENCARTPROJECTV121\CrossBrowserTesting.xml

2024-08-19 17:09:39.921 [TestNG-tests-1] INFO  testCases.TC001_AccountRegistrationTest(36) **************************Starting TC001_AccountRegistrationTest*************************************
2024-08-19 17:09:40.067 [TestNG-tests-1] INFO  testCases.TC001_AccountRegistrationTest(36) ********Clicked on MyAccount Link************
2024-08-19 17:09:40.569 [TestNG-tests-1] INFO  testCases.TC001_AccountRegistrationTest(36) ********Clicked on Registration Link************
2024-08-19 17:09:40.573 [TestNG-tests-1] INFO  testCases.TC001_AccountRegistrationTest(36) ********providing customer Details************
2024-08-19 17:09:42.553 [TestNG-tests-1] INFO  testCases.TC001_AccountRegistrationTest(36) ********Validating Expected message************
2024-08-19 17:09:42.603 [TestNG-tests-1] INFO  testCases.TC001_AccountRegistrationTest(36) ***************Finished TC001_AccountRegistrationTest*********************
2024-08-19 17:11:43.635 [main] DEBUG org.testng.TestNG(36) suiteXmlPath: "C:\Users\user\eclipse-workspace\OPENCARTPROJECTV121\CrossBrowserTesting.xml"
2024-08-19 17:11:43.861 [main] INFO  org.testng.internal.Utils(36) [TestNG] Running:
  C:\Users\user\eclipse-workspace\OPENCARTPROJECTV121\CrossBrowserTesting.xml

2024-08-20 12:24:22.849 [main] DEBUG org.testng.TestNG(36) suiteXmlPath: "C:\Users\user\eclipse-workspace\OPENCARTPROJECTV121\master.xml"
2024-08-20 12:24:23.104 [main] INFO  org.testng.internal.Utils(36) [TestNG] Running:
  C:\Users\user\eclipse-workspace\OPENCARTPROJECTV121\master.xml

2024-08-20 12:26:27.920 [main] DEBUG org.testng.TestNG(36) suiteXmlPath: "C:\Users\user\eclipse-workspace\OPENCARTPROJECTV121\master.xml"
2024-08-20 12:26:28.149 [main] INFO  org.testng.internal.Utils(36) [TestNG] Running:
  C:\Users\user\eclipse-workspace\OPENCARTPROJECTV121\master.xml

2024-08-20 12:26:39.814 [main] INFO  testCases.TC001_AccountRegistrationTest(36) **************************Starting TC001_AccountRegistrationTest*************************************
2024-08-20 12:26:39.943 [main] INFO  testCases.TC001_AccountRegistrationTest(36) ********Clicked on MyAccount Link************
2024-08-20 12:26:40.854 [main] INFO  testCases.TC001_AccountRegistrationTest(36) ********Clicked on Registration Link************
2024-08-20 12:26:40.857 [main] INFO  testCases.TC001_AccountRegistrationTest(36) ********providing customer Details************
2024-08-20 12:26:42.456 [main] INFO  testCases.TC001_AccountRegistrationTest(36) ********Validating Expected message************
2024-08-20 12:26:42.512 [main] INFO  testCases.TC001_AccountRegistrationTest(36) ***************Finished TC001_AccountRegistrationTest*********************
2024-08-20 12:26:48.304 [main] INFO  testCases.TC002_LoginTest(36) **********Starting TC002_LoginTest**************
2024-08-20 12:26:50.179 [main] INFO  testCases.TC002_LoginTest(36) ********Finished TC002_LoginTest***************
2024-08-20 12:27:19.577 [main] DEBUG org.testng.TestNG(36) suiteXmlPath: "C:\Users\user\eclipse-workspace\OPENCARTPROJECTV121\CrossBrowserTesting.xml"
2024-08-20 12:27:19.812 [main] INFO  org.testng.internal.Utils(36) [TestNG] Running:
  C:\Users\user\eclipse-workspace\OPENCARTPROJECTV121\CrossBrowserTesting.xml

2024-08-20 12:27:26.214 [TestNG-tests-1] INFO  testCases.TC001_AccountRegistrationTest(36) **************************Starting TC001_AccountRegistrationTest*************************************
2024-08-20 12:27:26.308 [TestNG-tests-1] INFO  testCases.TC001_AccountRegistrationTest(36) ********Clicked on MyAccount Link************
2024-08-20 12:27:26.964 [TestNG-tests-1] INFO  testCases.TC001_AccountRegistrationTest(36) ********Clicked on Registration Link************
2024-08-20 12:27:26.968 [TestNG-tests-1] INFO  testCases.TC001_AccountRegistrationTest(36) ********providing customer Details************
2024-08-20 12:27:29.041 [TestNG-tests-1] INFO  testCases.TC001_AccountRegistrationTest(36) ********Validating Expected message************
2024-08-20 12:27:29.092 [TestNG-tests-1] INFO  testCases.TC001_AccountRegistrationTest(36) ***************Finished TC001_AccountRegistrationTest*********************
2024-08-20 12:48:24.117 [main] DEBUG org.testng.TestNG(36) suiteXmlPath: "C:\Users\user\eclipse-workspace\OPENCARTPROJECTV121\CrossBrowserTesting.xml"
2024-08-20 12:48:24.365 [main] INFO  org.testng.internal.Utils(36) [TestNG] Running:
  C:\Users\user\eclipse-workspace\OPENCARTPROJECTV121\CrossBrowserTesting.xml

2024-08-20 12:48:38.428 [TestNG-tests-1] INFO  testCases.TC001_AccountRegistrationTest(36) **************************Starting TC001_AccountRegistrationTest*************************************
2024-08-20 12:48:38.428 [TestNG-tests-3] INFO  testCases.TC001_AccountRegistrationTest(36) **************************Starting TC001_AccountRegistrationTest*************************************
2024-08-20 12:48:38.718 [TestNG-tests-3] INFO  testCases.TC001_AccountRegistrationTest(36) ********Clicked on MyAccount Link************
2024-08-20 12:48:38.942 [TestNG-tests-1] INFO  testCases.TC001_AccountRegistrationTest(36) ********Clicked on MyAccount Link************
2024-08-27 10:59:26.775 [main] DEBUG org.testng.TestNG(36) suiteXmlPath: "C:\Users\user\eclipse-workspace\OPENCARTPROJECTV121\master.xml"
2024-08-27 10:59:27.023 [main] INFO  org.testng.internal.Utils(36) [TestNG] Running:
  C:\Users\user\eclipse-workspace\OPENCARTPROJECTV121\master.xml

2024-08-27 10:59:59.105 [main] DEBUG org.testng.TestNG(36) suiteXmlPath: "C:\Users\user\eclipse-workspace\OPENCARTPROJECTV121\master.xml"
2024-08-27 10:59:59.320 [main] INFO  org.testng.internal.Utils(36) [TestNG] Running:
  C:\Users\user\eclipse-workspace\OPENCARTPROJECTV121\master.xml

2024-08-27 11:01:35.461 [main] DEBUG org.testng.TestNG(36) suiteXmlPath: "C:\Users\user\eclipse-workspace\OPENCARTPROJECTV121\master.xml"
2024-08-27 11:01:35.684 [main] INFO  org.testng.internal.Utils(36) [TestNG] Running:
  C:\Users\user\eclipse-workspace\OPENCARTPROJECTV121\master.xml

2024-08-27 11:01:45.235 [main] INFO  testCases.TC001_AccountRegistrationTest(36) **************************Starting TC001_AccountRegistrationTest*************************************
2024-08-27 11:01:45.364 [main] INFO  testCases.TC001_AccountRegistrationTest(36) ********Clicked on MyAccount Link************
2024-08-27 11:01:46.482 [main] INFO  testCases.TC001_AccountRegistrationTest(36) ********Clicked on Registration Link************
2024-08-27 11:01:46.484 [main] INFO  testCases.TC001_AccountRegistrationTest(36) ********providing customer Details************
2024-08-27 11:01:47.739 [main] INFO  testCases.TC001_AccountRegistrationTest(36) ********Validating Expected message************
2024-08-27 11:01:47.811 [main] INFO  testCases.TC001_AccountRegistrationTest(36) ***************Finished TC001_AccountRegistrationTest*********************
2024-08-27 11:01:50.174 [main] INFO  testCases.TC002_LoginTest(36) **********Starting TC002_LoginTest**************
2024-08-27 11:01:51.415 [main] INFO  testCases.TC002_LoginTest(36) ********Finished TC002_LoginTest***************
2024-08-27 11:02:04.934 [main] DEBUG org.testng.TestNG(36) suiteXmlPath: "C:\Users\user\eclipse-workspace\OPENCARTPROJECTV121\CrossBrowserTesting.xml"
2024-08-27 11:02:05.153 [main] INFO  org.testng.internal.Utils(36) [TestNG] Running:
  C:\Users\user\eclipse-workspace\OPENCARTPROJECTV121\CrossBrowserTesting.xml

2024-08-27 11:02:10.637 [TestNG-tests-1] INFO  testCases.TC001_AccountRegistrationTest(36) **************************Starting TC001_AccountRegistrationTest*************************************
2024-08-27 11:02:10.771 [TestNG-tests-1] INFO  testCases.TC001_AccountRegistrationTest(36) ********Clicked on MyAccount Link************
2024-08-27 11:02:11.496 [TestNG-tests-1] INFO  testCases.TC001_AccountRegistrationTest(36) ********Clicked on Registration Link************
2024-08-27 11:02:11.499 [TestNG-tests-1] INFO  testCases.TC001_AccountRegistrationTest(36) ********providing customer Details************
2024-08-27 11:02:13.046 [TestNG-tests-1] INFO  testCases.TC001_AccountRegistrationTest(36) ********Validating Expected message************
2024-08-27 11:02:13.091 [TestNG-tests-1] INFO  testCases.TC001_AccountRegistrationTest(36) ***************Finished TC001_AccountRegistrationTest*********************
2024-08-27 11:02:16.749 [TestNG-tests-2] INFO  testCases.TC001_AccountRegistrationTest(36) **************************Starting TC001_AccountRegistrationTest*************************************
2024-08-27 11:02:16.859 [TestNG-tests-2] INFO  testCases.TC001_AccountRegistrationTest(36) ********Clicked on MyAccount Link************
2024-08-27 11:02:17.661 [TestNG-tests-2] INFO  testCases.TC001_AccountRegistrationTest(36) ********Clicked on Registration Link************
2024-08-27 11:02:17.661 [TestNG-tests-2] INFO  testCases.TC001_AccountRegistrationTest(36) ********providing customer Details************
2024-08-27 11:02:19.113 [TestNG-tests-2] INFO  testCases.TC001_AccountRegistrationTest(36) ********Validating Expected message************
2024-08-27 11:02:19.149 [TestNG-tests-2] INFO  testCases.TC001_AccountRegistrationTest(36) ***************Finished TC001_AccountRegistrationTest*********************
2024-08-27 11:02:42.185 [TestNG-tests-3] INFO  testCases.TC001_AccountRegistrationTest(36) **************************Starting TC001_AccountRegistrationTest*************************************
2024-08-27 11:02:42.451 [TestNG-tests-3] INFO  testCases.TC001_AccountRegistrationTest(36) ********Clicked on MyAccount Link************
2024-08-27 11:02:43.142 [TestNG-tests-3] INFO  testCases.TC001_AccountRegistrationTest(36) ********Clicked on Registration Link************
2024-08-27 11:02:43.142 [TestNG-tests-3] INFO  testCases.TC001_AccountRegistrationTest(36) ********providing customer Details************
2024-08-27 11:02:43.709 [TestNG-tests-3] INFO  testCases.TC001_AccountRegistrationTest(36) ********Validating Expected message************
2024-08-27 11:02:44.325 [TestNG-tests-3] INFO  testCases.TC001_AccountRegistrationTest(36) ***************Finished TC001_AccountRegistrationTest*********************
2024-08-27 11:28:21.784 [main] DEBUG org.testng.TestNG(36) suiteXmlPath: "C:\Users\user\eclipse-workspace\OPENCARTPROJECTV121\master.xml"
2024-08-27 11:28:26.242 [main] INFO  testCases.TC001_AccountRegistrationTest(36) **************************Starting TC001_AccountRegistrationTest*************************************
2024-08-27 11:28:26.419 [main] INFO  testCases.TC001_AccountRegistrationTest(36) ********Clicked on MyAccount Link************
2024-08-27 11:28:26.858 [main] INFO  testCases.TC001_AccountRegistrationTest(36) ********Clicked on Registration Link************
2024-08-27 11:28:26.862 [main] INFO  testCases.TC001_AccountRegistrationTest(36) ********providing customer Details************
