2024-08-08 12:20:22.531 [main] INFO  testCases.TC001_AccountRegistrationTest(36) **************************Starting TC001_AccountRegistrationTest*************************************
2024-08-08 12:20:22.635 [main] INFO  testCases.TC001_AccountRegistrationTest(36) ********Clicked on MyAccount Link************
2024-08-08 12:20:23.033 [main] INFO  testCases.TC001_AccountRegistrationTest(36) ********Clicked on Registration Link************
2024-08-08 12:20:23.037 [main] INFO  testCases.TC001_AccountRegistrationTest(36) ********providing customer Details************
2024-08-08 12:20:24.394 [main] INFO  testCases.TC001_AccountRegistrationTest(36) ********Validating Expected message************
2024-08-08 12:20:24.437 [main] INFO  testCases.TC001_AccountRegistrationTest(36) ***************Finished TC001_AccountRegistrationTest*********************
2024-08-08 12:21:12.505 [main] INFO  testCases.TC001_AccountRegistrationTest(36) **************************Starting TC001_AccountRegistrationTest*************************************
2024-08-08 12:21:12.621 [main] INFO  testCases.TC001_AccountRegistrationTest(36) ********Clicked on MyAccount Link************
2024-08-08 12:21:13.069 [main] INFO  testCases.TC001_AccountRegistrationTest(36) ********Clicked on Registration Link************
2024-08-08 12:21:13.072 [main] INFO  testCases.TC001_AccountRegistrationTest(36) ********providing customer Details************
2024-08-08 12:21:14.538 [main] INFO  testCases.TC001_AccountRegistrationTest(36) ********Validating Expected message************
2024-08-08 12:21:14.581 [main] INFO  testCases.TC001_AccountRegistrationTest(36) ***************Finished TC001_AccountRegistrationTest*********************
2024-08-08 12:24:49.679 [main] INFO  testCases.TC001_AccountRegistrationTest(36) **************************Starting TC001_AccountRegistrationTest*************************************
2024-08-08 12:24:49.791 [main] INFO  testCases.TC001_AccountRegistrationTest(36) ********Clicked on MyAccount Link************
2024-08-08 12:24:50.312 [main] INFO  testCases.TC001_AccountRegistrationTest(36) ********Clicked on Registration Link************
2024-08-08 12:24:50.314 [main] INFO  testCases.TC001_AccountRegistrationTest(36) ********providing customer Details************
2024-08-08 12:24:51.671 [main] INFO  testCases.TC001_AccountRegistrationTest(36) ********Validating Expected message************
2024-08-08 12:24:51.715 [main] INFO  testCases.TC001_AccountRegistrationTest(36) ***************Finished TC001_AccountRegistrationTest*********************
2024-08-08 12:25:30.979 [main] INFO  testCases.TC001_AccountRegistrationTest(36) **************************Starting TC001_AccountRegistrationTest*************************************
2024-08-08 12:25:31.088 [main] INFO  testCases.TC001_AccountRegistrationTest(36) ********Clicked on MyAccount Link************
2024-08-08 12:25:31.615 [main] INFO  testCases.TC001_AccountRegistrationTest(36) ********Clicked on Registration Link************
2024-08-08 12:25:31.617 [main] INFO  testCases.TC001_AccountRegistrationTest(36) ********providing customer Details************
2024-08-08 12:25:32.993 [main] INFO  testCases.TC001_AccountRegistrationTest(36) ********Validating Expected message************
2024-08-08 12:25:33.035 [main] INFO  testCases.TC001_AccountRegistrationTest(36) ***************Finished TC001_AccountRegistrationTest*********************
2024-08-08 12:28:19.725 [main] INFO  testCases.TC001_AccountRegistrationTest(36) **************************Starting TC001_AccountRegistrationTest*************************************
2024-08-08 12:28:19.836 [main] INFO  testCases.TC001_AccountRegistrationTest(36) ********Clicked on MyAccount Link************
2024-08-08 12:28:20.324 [main] INFO  testCases.TC001_AccountRegistrationTest(36) ********Clicked on Registration Link************
2024-08-08 12:28:20.327 [main] INFO  testCases.TC001_AccountRegistrationTest(36) ********providing customer Details************
2024-08-08 12:28:21.602 [main] INFO  testCases.TC001_AccountRegistrationTest(36) ********Validating Expected message************
2024-08-08 12:28:21.671 [main] INFO  testCases.TC001_AccountRegistrationTest(36) ***************Finished TC001_AccountRegistrationTest*********************
2024-08-08 12:39:56.688 [main] INFO  testCases.TC001_AccountRegistrationTest(36) **************************Starting TC001_AccountRegistrationTest*************************************
2024-08-08 12:39:56.788 [main] INFO  testCases.TC001_AccountRegistrationTest(36) ********Clicked on MyAccount Link************
2024-08-08 12:39:57.320 [main] INFO  testCases.TC001_AccountRegistrationTest(36) ********Clicked on Registration Link************
2024-08-08 12:39:57.323 [main] INFO  testCases.TC001_AccountRegistrationTest(36) ********providing customer Details************
2024-08-08 12:39:58.741 [main] INFO  testCases.TC001_AccountRegistrationTest(36) ********Validating Expected message************
2024-08-08 12:40:48.215 [main] INFO  testCases.TC001_AccountRegistrationTest(36) **************************Starting TC001_AccountRegistrationTest*************************************
2024-08-08 12:40:48.318 [main] INFO  testCases.TC001_AccountRegistrationTest(36) ********Clicked on MyAccount Link************
2024-08-08 12:40:48.938 [main] INFO  testCases.TC001_AccountRegistrationTest(36) ********Clicked on Registration Link************
2024-08-08 12:40:48.941 [main] INFO  testCases.TC001_AccountRegistrationTest(36) ********providing customer Details************
2024-08-08 12:40:50.398 [main] INFO  testCases.TC001_AccountRegistrationTest(36) ********Validating Expected message************
2024-08-08 12:44:03.086 [main] INFO  testCases.TC001_AccountRegistrationTest(36) **************************Starting TC001_AccountRegistrationTest*************************************
2024-08-08 12:44:03.202 [main] INFO  testCases.TC001_AccountRegistrationTest(36) ********Clicked on MyAccount Link************
2024-08-08 12:44:03.902 [main] INFO  testCases.TC001_AccountRegistrationTest(36) ********Clicked on Registration Link************
2024-08-08 12:44:03.905 [main] INFO  testCases.TC001_AccountRegistrationTest(36) ********providing customer Details************
2024-08-08 12:44:05.148 [main] INFO  testCases.TC001_AccountRegistrationTest(36) ********Validating Expected message************
2024-08-08 12:44:05.228 [main] INFO  testCases.TC001_AccountRegistrationTest(36) ***************Finished TC001_AccountRegistrationTest*********************
2024-08-08 13:17:31.362 [main] INFO  testCases.TC001_AccountRegistrationTest(36) **************************Starting TC001_AccountRegistrationTest*************************************
2024-08-08 13:17:31.477 [main] INFO  testCases.TC001_AccountRegistrationTest(36) ********Clicked on MyAccount Link************
2024-08-08 13:17:32.456 [main] INFO  testCases.TC001_AccountRegistrationTest(36) ********Clicked on Registration Link************
2024-08-08 13:17:32.458 [main] INFO  testCases.TC001_AccountRegistrationTest(36) ********providing customer Details************
2024-08-08 13:17:34.275 [main] INFO  testCases.TC001_AccountRegistrationTest(36) ********Validating Expected message************
2024-08-08 13:17:34.318 [main] INFO  testCases.TC001_AccountRegistrationTest(36) ***************Finished TC001_AccountRegistrationTest*********************
2024-08-08 13:17:38.028 [main] INFO  testCases.TC001_AccountRegistrationTest(36) **************************Starting TC001_AccountRegistrationTest*************************************
2024-08-08 13:17:38.119 [main] INFO  testCases.TC001_AccountRegistrationTest(36) ********Clicked on MyAccount Link************
2024-08-08 13:17:38.631 [main] INFO  testCases.TC001_AccountRegistrationTest(36) ********Clicked on Registration Link************
2024-08-08 13:17:38.633 [main] INFO  testCases.TC001_AccountRegistrationTest(36) ********providing customer Details************
2024-08-08 13:17:39.965 [main] INFO  testCases.TC001_AccountRegistrationTest(36) ********Validating Expected message************
2024-08-08 13:17:40.006 [main] INFO  testCases.TC001_AccountRegistrationTest(36) ***************Finished TC001_AccountRegistrationTest*********************
2024-08-08 13:17:44.168 [main] INFO  testCases.TC001_AccountRegistrationTest(36) **************************Starting TC001_AccountRegistrationTest*************************************
2024-08-08 13:17:44.269 [main] INFO  testCases.TC001_AccountRegistrationTest(36) ********Clicked on MyAccount Link************
2024-08-08 13:17:44.751 [main] INFO  testCases.TC001_AccountRegistrationTest(36) ********Clicked on Registration Link************
2024-08-08 13:17:44.751 [main] INFO  testCases.TC001_AccountRegistrationTest(36) ********providing customer Details************
2024-08-08 13:17:46.105 [main] INFO  testCases.TC001_AccountRegistrationTest(36) ********Validating Expected message************
2024-08-08 13:17:46.148 [main] INFO  testCases.TC001_AccountRegistrationTest(36) ***************Finished TC001_AccountRegistrationTest*********************
2024-08-08 13:18:08.519 [main] INFO  testCases.TC001_AccountRegistrationTest(36) **************************Starting TC001_AccountRegistrationTest*************************************
2024-08-08 13:18:08.627 [main] INFO  testCases.TC001_AccountRegistrationTest(36) ********Clicked on MyAccount Link************
2024-08-08 13:18:09.048 [main] INFO  testCases.TC001_AccountRegistrationTest(36) ********Clicked on Registration Link************
2024-08-08 13:18:09.050 [main] INFO  testCases.TC001_AccountRegistrationTest(36) ********providing customer Details************
2024-08-08 13:18:10.414 [main] INFO  testCases.TC001_AccountRegistrationTest(36) ********Validating Expected message************
2024-08-08 13:18:10.456 [main] INFO  testCases.TC001_AccountRegistrationTest(36) ***************Finished TC001_AccountRegistrationTest*********************
2024-08-08 13:18:14.231 [main] INFO  testCases.TC001_AccountRegistrationTest(36) **************************Starting TC001_AccountRegistrationTest*************************************
2024-08-08 13:18:14.335 [main] INFO  testCases.TC001_AccountRegistrationTest(36) ********Clicked on MyAccount Link************
2024-08-08 13:18:14.868 [main] INFO  testCases.TC001_AccountRegistrationTest(36) ********Clicked on Registration Link************
2024-08-08 13:18:14.869 [main] INFO  testCases.TC001_AccountRegistrationTest(36) ********providing customer Details************
2024-08-08 13:18:16.370 [main] INFO  testCases.TC001_AccountRegistrationTest(36) ********Validating Expected message************
2024-08-08 13:18:16.404 [main] INFO  testCases.TC001_AccountRegistrationTest(36) ***************Finished TC001_AccountRegistrationTest*********************
2024-08-08 13:18:19.485 [main] INFO  testCases.TC001_AccountRegistrationTest(36) **************************Starting TC001_AccountRegistrationTest*************************************
2024-08-08 13:18:19.576 [main] INFO  testCases.TC001_AccountRegistrationTest(36) ********Clicked on MyAccount Link************
2024-08-08 13:18:20.110 [main] INFO  testCases.TC001_AccountRegistrationTest(36) ********Clicked on Registration Link************
2024-08-08 13:18:20.110 [main] INFO  testCases.TC001_AccountRegistrationTest(36) ********providing customer Details************
2024-08-08 13:18:21.603 [main] INFO  testCases.TC001_AccountRegistrationTest(36) ********Validating Expected message************
2024-08-08 13:18:21.643 [main] INFO  testCases.TC001_AccountRegistrationTest(36) ***************Finished TC001_AccountRegistrationTest*********************
2024-08-08 13:20:27.321 [main] INFO  testCases.TC001_AccountRegistrationTest(36) **************************Starting TC001_AccountRegistrationTest*************************************
2024-08-08 13:20:27.423 [main] INFO  testCases.TC001_AccountRegistrationTest(36) ********Clicked on MyAccount Link************
2024-08-08 13:20:28.246 [main] INFO  testCases.TC001_AccountRegistrationTest(36) ********Clicked on Registration Link************
2024-08-08 13:20:28.248 [main] INFO  testCases.TC001_AccountRegistrationTest(36) ********providing customer Details************
2024-08-08 13:20:29.587 [main] INFO  testCases.TC001_AccountRegistrationTest(36) ********Validating Expected message************
2024-08-08 13:20:29.638 [main] INFO  testCases.TC001_AccountRegistrationTest(36) ***************Finished TC001_AccountRegistrationTest*********************
2024-08-08 13:20:41.696 [main] INFO  testCases.TC001_AccountRegistrationTest(36) **************************Starting TC001_AccountRegistrationTest*************************************
2024-08-08 13:20:41.792 [main] INFO  testCases.TC001_AccountRegistrationTest(36) ********Clicked on MyAccount Link************
2024-08-08 13:20:43.419 [main] INFO  testCases.TC001_AccountRegistrationTest(36) ********Clicked on Registration Link************
2024-08-08 13:20:43.419 [main] INFO  testCases.TC001_AccountRegistrationTest(36) ********providing customer Details************
2024-08-08 13:20:44.857 [main] INFO  testCases.TC001_AccountRegistrationTest(36) ********Validating Expected message************
2024-08-08 13:20:44.889 [main] INFO  testCases.TC001_AccountRegistrationTest(36) ***************Finished TC001_AccountRegistrationTest*********************
2024-08-08 13:21:51.265 [main] INFO  testCases.TC001_AccountRegistrationTest(36) **************************Starting TC001_AccountRegistrationTest*************************************
2024-08-08 13:21:51.548 [main] INFO  testCases.TC001_AccountRegistrationTest(36) ********Clicked on MyAccount Link************
2024-08-08 13:21:52.285 [main] INFO  testCases.TC001_AccountRegistrationTest(36) ********Clicked on Registration Link************
2024-08-08 13:21:52.286 [main] INFO  testCases.TC001_AccountRegistrationTest(36) ********providing customer Details************
2024-08-08 13:21:52.820 [main] INFO  testCases.TC001_AccountRegistrationTest(36) ********Validating Expected message************
2024-08-08 13:21:53.370 [main] INFO  testCases.TC001_AccountRegistrationTest(36) ***************Finished TC001_AccountRegistrationTest*********************
2024-08-08 13:23:41.857 [TestNG-tests-1] INFO  testCases.TC001_AccountRegistrationTest(36) **************************Starting TC001_AccountRegistrationTest*************************************
2024-08-08 13:23:41.962 [TestNG-tests-1] INFO  testCases.TC001_AccountRegistrationTest(36) ********Clicked on MyAccount Link************
2024-08-08 13:23:42.923 [TestNG-tests-2] INFO  testCases.TC001_AccountRegistrationTest(36) **************************Starting TC001_AccountRegistrationTest*************************************
2024-08-08 13:23:43.000 [TestNG-tests-2] INFO  testCases.TC001_AccountRegistrationTest(36) ********Clicked on MyAccount Link************
2024-08-08 13:23:44.284 [TestNG-tests-1] INFO  testCases.TC001_AccountRegistrationTest(36) ********Clicked on Registration Link************
2024-08-08 13:23:44.290 [TestNG-tests-1] INFO  testCases.TC001_AccountRegistrationTest(36) ********providing customer Details************
2024-08-08 13:23:46.187 [TestNG-tests-2] INFO  testCases.TC001_AccountRegistrationTest(36) ********Clicked on Registration Link************
2024-08-08 13:23:46.188 [TestNG-tests-2] INFO  testCases.TC001_AccountRegistrationTest(36) ********providing customer Details************
2024-08-08 13:23:47.435 [TestNG-tests-1] INFO  testCases.TC001_AccountRegistrationTest(36) ********Validating Expected message************
2024-08-08 13:23:47.481 [TestNG-tests-1] INFO  testCases.TC001_AccountRegistrationTest(36) ***************Finished TC001_AccountRegistrationTest*********************
2024-08-08 13:23:48.024 [TestNG-tests-2] INFO  testCases.TC001_AccountRegistrationTest(36) ********Validating Expected message************
2024-08-08 13:23:48.055 [TestNG-tests-2] INFO  testCases.TC001_AccountRegistrationTest(36) ***************Finished TC001_AccountRegistrationTest*********************
2024-08-08 13:23:48.447 [TestNG-tests-3] INFO  testCases.TC001_AccountRegistrationTest(36) **************************Starting TC001_AccountRegistrationTest*************************************
2024-08-08 13:23:48.700 [TestNG-tests-3] INFO  testCases.TC001_AccountRegistrationTest(36) ********Clicked on MyAccount Link************
2024-08-08 13:23:49.653 [TestNG-tests-3] INFO  testCases.TC001_AccountRegistrationTest(36) ********Clicked on Registration Link************
2024-08-08 13:23:49.654 [TestNG-tests-3] INFO  testCases.TC001_AccountRegistrationTest(36) ********providing customer Details************
2024-08-08 13:23:50.232 [TestNG-tests-3] INFO  testCases.TC001_AccountRegistrationTest(36) ********Validating Expected message************
2024-08-08 13:23:50.963 [TestNG-tests-3] INFO  testCases.TC001_AccountRegistrationTest(36) ***************Finished TC001_AccountRegistrationTest*********************
2024-08-08 13:52:16.778 [main] INFO  testCases.TC001_AccountRegistrationTest(36) **************************Starting TC001_AccountRegistrationTest*************************************
2024-08-08 13:52:16.891 [main] INFO  testCases.TC001_AccountRegistrationTest(36) ********Clicked on MyAccount Link************
2024-08-08 13:52:17.445 [main] INFO  testCases.TC001_AccountRegistrationTest(36) ********Clicked on Registration Link************
2024-08-08 13:52:17.447 [main] INFO  testCases.TC001_AccountRegistrationTest(36) ********providing customer Details************
2024-08-08 13:52:18.751 [main] INFO  testCases.TC001_AccountRegistrationTest(36) ********Validating Expected message************
2024-08-08 13:52:18.821 [main] INFO  testCases.TC001_AccountRegistrationTest(36) ***************Finished TC001_AccountRegistrationTest*********************
2024-08-09 13:54:22.710 [main] INFO  testCases.TC001_AccountRegistrationTest(36) **************************Starting TC001_AccountRegistrationTest*************************************
2024-08-09 13:54:22.820 [main] INFO  testCases.TC001_AccountRegistrationTest(36) ********Clicked on MyAccount Link************
2024-08-09 13:54:24.067 [main] INFO  testCases.TC001_AccountRegistrationTest(36) ********Clicked on Registration Link************
2024-08-09 13:54:24.069 [main] INFO  testCases.TC001_AccountRegistrationTest(36) ********providing customer Details************
2024-08-09 13:54:26.092 [main] INFO  testCases.TC001_AccountRegistrationTest(36) ********Validating Expected message************
2024-08-09 13:54:26.137 [main] INFO  testCases.TC001_AccountRegistrationTest(36) ***************Finished TC001_AccountRegistrationTest*********************
2024-08-09 14:38:18.804 [main] INFO  testCases.TC002_LoginTest(36) **********Starting TC002_LoginTest**************
2024-08-09 14:38:20.311 [main] INFO  testCases.TC002_LoginTest(36) ********Finished TC002_LoginTest***************
2024-08-12 10:43:18.185 [main] DEBUG org.testng.TestNG(36) suiteXmlPath: "C:\Users\user\eclipse-workspace\OPENCARTPROJECTV121\master.xml"
2024-08-12 10:43:18.392 [main] INFO  org.testng.internal.Utils(36) [TestNG] Running:
  C:\Users\user\eclipse-workspace\OPENCARTPROJECTV121\master.xml

2024-08-12 10:43:23.488 [main] DEBUG org.apache.poi.openxml4j.opc.PackageRelationshipCollection(36) Parsing relationship: /xl/_rels/workbook.xml.rels
2024-08-12 10:43:23.491 [main] DEBUG org.apache.poi.openxml4j.opc.PackageRelationshipCollection(36) Parsing relationship: /xl/worksheets/_rels/sheet1.xml.rels
2024-08-12 10:43:23.492 [main] DEBUG org.apache.poi.openxml4j.opc.PackageRelationshipCollection(36) Parsing relationship: /_rels/.rels
2024-08-12 10:43:23.941 [main] DEBUG org.apache.poi.openxml4j.opc.PackageRelationshipCollection(36) Parsing relationship: /xl/_rels/workbook.xml.rels
2024-08-12 10:43:23.942 [main] DEBUG org.apache.poi.openxml4j.opc.PackageRelationshipCollection(36) Parsing relationship: /xl/worksheets/_rels/sheet1.xml.rels
2024-08-12 10:43:23.943 [main] DEBUG org.apache.poi.openxml4j.opc.PackageRelationshipCollection(36) Parsing relationship: /_rels/.rels
2024-08-12 10:43:23.969 [main] DEBUG org.apache.poi.openxml4j.opc.PackageRelationshipCollection(36) Parsing relationship: /xl/_rels/workbook.xml.rels
2024-08-12 10:43:23.970 [main] DEBUG org.apache.poi.openxml4j.opc.PackageRelationshipCollection(36) Parsing relationship: /xl/worksheets/_rels/sheet1.xml.rels
2024-08-12 10:43:23.971 [main] DEBUG org.apache.poi.openxml4j.opc.PackageRelationshipCollection(36) Parsing relationship: /_rels/.rels
2024-08-12 10:43:24.000 [main] DEBUG org.apache.poi.openxml4j.opc.PackageRelationshipCollection(36) Parsing relationship: /xl/_rels/workbook.xml.rels
2024-08-12 10:43:24.001 [main] DEBUG org.apache.poi.openxml4j.opc.PackageRelationshipCollection(36) Parsing relationship: /xl/worksheets/_rels/sheet1.xml.rels
2024-08-12 10:43:24.002 [main] DEBUG org.apache.poi.openxml4j.opc.PackageRelationshipCollection(36) Parsing relationship: /_rels/.rels
2024-08-12 10:43:24.021 [main] DEBUG org.apache.poi.openxml4j.opc.PackageRelationshipCollection(36) Parsing relationship: /xl/_rels/workbook.xml.rels
2024-08-12 10:43:24.022 [main] DEBUG org.apache.poi.openxml4j.opc.PackageRelationshipCollection(36) Parsing relationship: /xl/worksheets/_rels/sheet1.xml.rels
2024-08-12 10:43:24.023 [main] DEBUG org.apache.poi.openxml4j.opc.PackageRelationshipCollection(36) Parsing relationship: /_rels/.rels
2024-08-12 10:43:24.042 [main] DEBUG org.apache.poi.openxml4j.opc.PackageRelationshipCollection(36) Parsing relationship: /xl/_rels/workbook.xml.rels
2024-08-12 10:43:24.043 [main] DEBUG org.apache.poi.openxml4j.opc.PackageRelationshipCollection(36) Parsing relationship: /xl/worksheets/_rels/sheet1.xml.rels
2024-08-12 10:43:24.044 [main] DEBUG org.apache.poi.openxml4j.opc.PackageRelationshipCollection(36) Parsing relationship: /_rels/.rels
2024-08-12 10:43:24.063 [main] DEBUG org.apache.poi.openxml4j.opc.PackageRelationshipCollection(36) Parsing relationship: /xl/_rels/workbook.xml.rels
2024-08-12 10:43:24.064 [main] DEBUG org.apache.poi.openxml4j.opc.PackageRelationshipCollection(36) Parsing relationship: /xl/worksheets/_rels/sheet1.xml.rels
2024-08-12 10:43:24.065 [main] DEBUG org.apache.poi.openxml4j.opc.PackageRelationshipCollection(36) Parsing relationship: /_rels/.rels
2024-08-12 10:43:24.082 [main] DEBUG org.apache.poi.openxml4j.opc.PackageRelationshipCollection(36) Parsing relationship: /xl/_rels/workbook.xml.rels
2024-08-12 10:43:24.083 [main] DEBUG org.apache.poi.openxml4j.opc.PackageRelationshipCollection(36) Parsing relationship: /xl/worksheets/_rels/sheet1.xml.rels
2024-08-12 10:43:24.084 [main] DEBUG org.apache.poi.openxml4j.opc.PackageRelationshipCollection(36) Parsing relationship: /_rels/.rels
2024-08-12 10:43:24.104 [main] DEBUG org.apache.poi.openxml4j.opc.PackageRelationshipCollection(36) Parsing relationship: /xl/_rels/workbook.xml.rels
2024-08-12 10:43:24.105 [main] DEBUG org.apache.poi.openxml4j.opc.PackageRelationshipCollection(36) Parsing relationship: /xl/worksheets/_rels/sheet1.xml.rels
2024-08-12 10:43:24.106 [main] DEBUG org.apache.poi.openxml4j.opc.PackageRelationshipCollection(36) Parsing relationship: /_rels/.rels
2024-08-12 10:43:24.125 [main] DEBUG org.apache.poi.openxml4j.opc.PackageRelationshipCollection(36) Parsing relationship: /xl/_rels/workbook.xml.rels
2024-08-12 10:43:24.126 [main] DEBUG org.apache.poi.openxml4j.opc.PackageRelationshipCollection(36) Parsing relationship: /xl/worksheets/_rels/sheet1.xml.rels
2024-08-12 10:43:24.126 [main] DEBUG org.apache.poi.openxml4j.opc.PackageRelationshipCollection(36) Parsing relationship: /_rels/.rels
2024-08-12 10:43:24.142 [main] DEBUG org.apache.poi.openxml4j.opc.PackageRelationshipCollection(36) Parsing relationship: /xl/_rels/workbook.xml.rels
2024-08-12 10:43:24.143 [main] DEBUG org.apache.poi.openxml4j.opc.PackageRelationshipCollection(36) Parsing relationship: /xl/worksheets/_rels/sheet1.xml.rels
2024-08-12 10:43:24.143 [main] DEBUG org.apache.poi.openxml4j.opc.PackageRelationshipCollection(36) Parsing relationship: /_rels/.rels
2024-08-12 10:43:24.169 [main] INFO  testCases.TC003_LoginDDT(36) ***************Starting the TC003_LoginDDT*************************
2024-08-12 10:43:26.080 [main] INFO  testCases.TC003_LoginDDT(36) ***************Finished the TC003_LoginDDT*************************
2024-08-12 10:43:26.087 [main] INFO  testCases.TC003_LoginDDT(36) ***************Starting the TC003_LoginDDT*************************
2024-08-12 10:43:27.502 [main] INFO  testCases.TC003_LoginDDT(36) ***************Finished the TC003_LoginDDT*************************
2024-08-12 10:43:27.506 [main] INFO  testCases.TC003_LoginDDT(36) ***************Starting the TC003_LoginDDT*************************
2024-08-12 10:43:38.541 [main] INFO  testCases.TC003_LoginDDT(36) ***************Finished the TC003_LoginDDT*************************
2024-08-12 10:43:38.546 [main] INFO  testCases.TC003_LoginDDT(36) ***************Starting the TC003_LoginDDT*************************
2024-08-12 10:46:36.674 [main] DEBUG org.testng.TestNG(36) suiteXmlPath: "C:\Users\user\eclipse-workspace\OPENCARTPROJECTV121\master.xml"
2024-08-12 10:46:36.878 [main] INFO  org.testng.internal.Utils(36) [TestNG] Running:
  C:\Users\user\eclipse-workspace\OPENCARTPROJECTV121\master.xml

2024-08-12 10:46:39.766 [main] DEBUG org.apache.poi.openxml4j.opc.PackageRelationshipCollection(36) Parsing relationship: /xl/_rels/workbook.xml.rels
2024-08-12 10:46:39.769 [main] DEBUG org.apache.poi.openxml4j.opc.PackageRelationshipCollection(36) Parsing relationship: /xl/worksheets/_rels/sheet1.xml.rels
2024-08-12 10:46:39.770 [main] DEBUG org.apache.poi.openxml4j.opc.PackageRelationshipCollection(36) Parsing relationship: /_rels/.rels
2024-08-12 10:46:40.221 [main] DEBUG org.apache.poi.openxml4j.opc.PackageRelationshipCollection(36) Parsing relationship: /xl/_rels/workbook.xml.rels
2024-08-12 10:46:40.222 [main] DEBUG org.apache.poi.openxml4j.opc.PackageRelationshipCollection(36) Parsing relationship: /xl/worksheets/_rels/sheet1.xml.rels
2024-08-12 10:46:40.223 [main] DEBUG org.apache.poi.openxml4j.opc.PackageRelationshipCollection(36) Parsing relationship: /_rels/.rels
2024-08-12 10:46:40.245 [main] DEBUG org.apache.poi.openxml4j.opc.PackageRelationshipCollection(36) Parsing relationship: /xl/_rels/workbook.xml.rels
2024-08-12 10:46:40.246 [main] DEBUG org.apache.poi.openxml4j.opc.PackageRelationshipCollection(36) Parsing relationship: /xl/worksheets/_rels/sheet1.xml.rels
2024-08-12 10:46:40.247 [main] DEBUG org.apache.poi.openxml4j.opc.PackageRelationshipCollection(36) Parsing relationship: /_rels/.rels
2024-08-12 10:46:40.277 [main] DEBUG org.apache.poi.openxml4j.opc.PackageRelationshipCollection(36) Parsing relationship: /xl/_rels/workbook.xml.rels
2024-08-12 10:46:40.277 [main] DEBUG org.apache.poi.openxml4j.opc.PackageRelationshipCollection(36) Parsing relationship: /xl/worksheets/_rels/sheet1.xml.rels
2024-08-12 10:46:40.278 [main] DEBUG org.apache.poi.openxml4j.opc.PackageRelationshipCollection(36) Parsing relationship: /_rels/.rels
2024-08-12 10:46:40.298 [main] DEBUG org.apache.poi.openxml4j.opc.PackageRelationshipCollection(36) Parsing relationship: /xl/_rels/workbook.xml.rels
2024-08-12 10:46:40.299 [main] DEBUG org.apache.poi.openxml4j.opc.PackageRelationshipCollection(36) Parsing relationship: /xl/worksheets/_rels/sheet1.xml.rels
2024-08-12 10:46:40.300 [main] DEBUG org.apache.poi.openxml4j.opc.PackageRelationshipCollection(36) Parsing relationship: /_rels/.rels
2024-08-12 10:46:40.321 [main] DEBUG org.apache.poi.openxml4j.opc.PackageRelationshipCollection(36) Parsing relationship: /xl/_rels/workbook.xml.rels
2024-08-12 10:46:40.322 [main] DEBUG org.apache.poi.openxml4j.opc.PackageRelationshipCollection(36) Parsing relationship: /xl/worksheets/_rels/sheet1.xml.rels
2024-08-12 10:46:40.323 [main] DEBUG org.apache.poi.openxml4j.opc.PackageRelationshipCollection(36) Parsing relationship: /_rels/.rels
2024-08-12 10:46:40.343 [main] DEBUG org.apache.poi.openxml4j.opc.PackageRelationshipCollection(36) Parsing relationship: /xl/_rels/workbook.xml.rels
2024-08-12 10:46:40.344 [main] DEBUG org.apache.poi.openxml4j.opc.PackageRelationshipCollection(36) Parsing relationship: /xl/worksheets/_rels/sheet1.xml.rels
2024-08-12 10:46:40.344 [main] DEBUG org.apache.poi.openxml4j.opc.PackageRelationshipCollection(36) Parsing relationship: /_rels/.rels
2024-08-12 10:46:40.363 [main] DEBUG org.apache.poi.openxml4j.opc.PackageRelationshipCollection(36) Parsing relationship: /xl/_rels/workbook.xml.rels
2024-08-12 10:46:40.364 [main] DEBUG org.apache.poi.openxml4j.opc.PackageRelationshipCollection(36) Parsing relationship: /xl/worksheets/_rels/sheet1.xml.rels
2024-08-12 10:46:40.365 [main] DEBUG org.apache.poi.openxml4j.opc.PackageRelationshipCollection(36) Parsing relationship: /_rels/.rels
2024-08-12 10:46:40.384 [main] DEBUG org.apache.poi.openxml4j.opc.PackageRelationshipCollection(36) Parsing relationship: /xl/_rels/workbook.xml.rels
2024-08-12 10:46:40.385 [main] DEBUG org.apache.poi.openxml4j.opc.PackageRelationshipCollection(36) Parsing relationship: /xl/worksheets/_rels/sheet1.xml.rels
2024-08-12 10:46:40.385 [main] DEBUG org.apache.poi.openxml4j.opc.PackageRelationshipCollection(36) Parsing relationship: /_rels/.rels
2024-08-12 10:46:40.403 [main] DEBUG org.apache.poi.openxml4j.opc.PackageRelationshipCollection(36) Parsing relationship: /xl/_rels/workbook.xml.rels
2024-08-12 10:46:40.404 [main] DEBUG org.apache.poi.openxml4j.opc.PackageRelationshipCollection(36) Parsing relationship: /xl/worksheets/_rels/sheet1.xml.rels
2024-08-12 10:46:40.404 [main] DEBUG org.apache.poi.openxml4j.opc.PackageRelationshipCollection(36) Parsing relationship: /_rels/.rels
2024-08-12 10:46:40.420 [main] DEBUG org.apache.poi.openxml4j.opc.PackageRelationshipCollection(36) Parsing relationship: /xl/_rels/workbook.xml.rels
2024-08-12 10:46:40.421 [main] DEBUG org.apache.poi.openxml4j.opc.PackageRelationshipCollection(36) Parsing relationship: /xl/worksheets/_rels/sheet1.xml.rels
2024-08-12 10:46:40.422 [main] DEBUG org.apache.poi.openxml4j.opc.PackageRelationshipCollection(36) Parsing relationship: /_rels/.rels
2024-08-12 10:46:40.454 [main] INFO  testCases.TC003_LoginDDT(36) ***************Starting the TC003_LoginDDT*************************
2024-08-12 10:46:42.055 [main] INFO  testCases.TC003_LoginDDT(36) ***************Finished the TC003_LoginDDT*************************
2024-08-12 10:46:42.064 [main] INFO  testCases.TC003_LoginDDT(36) ***************Starting the TC003_LoginDDT*************************
2024-08-12 10:46:43.769 [main] INFO  testCases.TC003_LoginDDT(36) ***************Finished the TC003_LoginDDT*************************
2024-08-12 10:46:43.776 [main] INFO  testCases.TC003_LoginDDT(36) ***************Starting the TC003_LoginDDT*************************
2024-08-12 10:46:54.804 [main] INFO  testCases.TC003_LoginDDT(36) ***************Finished the TC003_LoginDDT*************************
2024-08-12 10:46:54.806 [main] INFO  testCases.TC003_LoginDDT(36) ***************Starting the TC003_LoginDDT*************************
2024-08-12 10:47:59.392 [main] DEBUG org.testng.TestNG(36) suiteXmlPath: "C:\Users\user\eclipse-workspace\OPENCARTPROJECTV121\master.xml"
2024-08-12 10:47:59.601 [main] INFO  org.testng.internal.Utils(36) [TestNG] Running:
  C:\Users\user\eclipse-workspace\OPENCARTPROJECTV121\master.xml

2024-08-12 10:48:02.225 [main] DEBUG org.apache.poi.openxml4j.opc.PackageRelationshipCollection(36) Parsing relationship: /xl/_rels/workbook.xml.rels
2024-08-12 10:48:02.230 [main] DEBUG org.apache.poi.openxml4j.opc.PackageRelationshipCollection(36) Parsing relationship: /xl/worksheets/_rels/sheet1.xml.rels
2024-08-12 10:48:02.236 [main] DEBUG org.apache.poi.openxml4j.opc.PackageRelationshipCollection(36) Parsing relationship: /_rels/.rels
2024-08-12 10:48:02.720 [main] DEBUG org.apache.poi.openxml4j.opc.PackageRelationshipCollection(36) Parsing relationship: /xl/_rels/workbook.xml.rels
2024-08-12 10:48:02.721 [main] DEBUG org.apache.poi.openxml4j.opc.PackageRelationshipCollection(36) Parsing relationship: /xl/worksheets/_rels/sheet1.xml.rels
2024-08-12 10:48:02.723 [main] DEBUG org.apache.poi.openxml4j.opc.PackageRelationshipCollection(36) Parsing relationship: /_rels/.rels
2024-08-12 10:48:02.749 [main] DEBUG org.apache.poi.openxml4j.opc.PackageRelationshipCollection(36) Parsing relationship: /xl/_rels/workbook.xml.rels
2024-08-12 10:48:02.750 [main] DEBUG org.apache.poi.openxml4j.opc.PackageRelationshipCollection(36) Parsing relationship: /xl/worksheets/_rels/sheet1.xml.rels
2024-08-12 10:48:02.751 [main] DEBUG org.apache.poi.openxml4j.opc.PackageRelationshipCollection(36) Parsing relationship: /_rels/.rels
2024-08-12 10:48:02.777 [main] DEBUG org.apache.poi.openxml4j.opc.PackageRelationshipCollection(36) Parsing relationship: /xl/_rels/workbook.xml.rels
2024-08-12 10:48:02.778 [main] DEBUG org.apache.poi.openxml4j.opc.PackageRelationshipCollection(36) Parsing relationship: /xl/worksheets/_rels/sheet1.xml.rels
2024-08-12 10:48:02.779 [main] DEBUG org.apache.poi.openxml4j.opc.PackageRelationshipCollection(36) Parsing relationship: /_rels/.rels
2024-08-12 10:48:02.798 [main] DEBUG org.apache.poi.openxml4j.opc.PackageRelationshipCollection(36) Parsing relationship: /xl/_rels/workbook.xml.rels
2024-08-12 10:48:02.799 [main] DEBUG org.apache.poi.openxml4j.opc.PackageRelationshipCollection(36) Parsing relationship: /xl/worksheets/_rels/sheet1.xml.rels
2024-08-12 10:48:02.800 [main] DEBUG org.apache.poi.openxml4j.opc.PackageRelationshipCollection(36) Parsing relationship: /_rels/.rels
2024-08-12 10:48:02.820 [main] DEBUG org.apache.poi.openxml4j.opc.PackageRelationshipCollection(36) Parsing relationship: /xl/_rels/workbook.xml.rels
2024-08-12 10:48:02.821 [main] DEBUG org.apache.poi.openxml4j.opc.PackageRelationshipCollection(36) Parsing relationship: /xl/worksheets/_rels/sheet1.xml.rels
2024-08-12 10:48:02.822 [main] DEBUG org.apache.poi.openxml4j.opc.PackageRelationshipCollection(36) Parsing relationship: /_rels/.rels
2024-08-12 10:48:02.838 [main] DEBUG org.apache.poi.openxml4j.opc.PackageRelationshipCollection(36) Parsing relationship: /xl/_rels/workbook.xml.rels
2024-08-12 10:48:02.839 [main] DEBUG org.apache.poi.openxml4j.opc.PackageRelationshipCollection(36) Parsing relationship: /xl/worksheets/_rels/sheet1.xml.rels
2024-08-12 10:48:02.840 [main] DEBUG org.apache.poi.openxml4j.opc.PackageRelationshipCollection(36) Parsing relationship: /_rels/.rels
2024-08-12 10:48:02.856 [main] DEBUG org.apache.poi.openxml4j.opc.PackageRelationshipCollection(36) Parsing relationship: /xl/_rels/workbook.xml.rels
2024-08-12 10:48:02.857 [main] DEBUG org.apache.poi.openxml4j.opc.PackageRelationshipCollection(36) Parsing relationship: /xl/worksheets/_rels/sheet1.xml.rels
2024-08-12 10:48:02.858 [main] DEBUG org.apache.poi.openxml4j.opc.PackageRelationshipCollection(36) Parsing relationship: /_rels/.rels
2024-08-12 10:48:02.876 [main] DEBUG org.apache.poi.openxml4j.opc.PackageRelationshipCollection(36) Parsing relationship: /xl/_rels/workbook.xml.rels
2024-08-12 10:48:02.877 [main] DEBUG org.apache.poi.openxml4j.opc.PackageRelationshipCollection(36) Parsing relationship: /xl/worksheets/_rels/sheet1.xml.rels
2024-08-12 10:48:02.878 [main] DEBUG org.apache.poi.openxml4j.opc.PackageRelationshipCollection(36) Parsing relationship: /_rels/.rels
2024-08-12 10:48:02.899 [main] DEBUG org.apache.poi.openxml4j.opc.PackageRelationshipCollection(36) Parsing relationship: /xl/_rels/workbook.xml.rels
2024-08-12 10:48:02.900 [main] DEBUG org.apache.poi.openxml4j.opc.PackageRelationshipCollection(36) Parsing relationship: /xl/worksheets/_rels/sheet1.xml.rels
2024-08-12 10:48:02.900 [main] DEBUG org.apache.poi.openxml4j.opc.PackageRelationshipCollection(36) Parsing relationship: /_rels/.rels
2024-08-12 10:48:02.920 [main] DEBUG org.apache.poi.openxml4j.opc.PackageRelationshipCollection(36) Parsing relationship: /xl/_rels/workbook.xml.rels
2024-08-12 10:48:02.920 [main] DEBUG org.apache.poi.openxml4j.opc.PackageRelationshipCollection(36) Parsing relationship: /xl/worksheets/_rels/sheet1.xml.rels
2024-08-12 10:48:02.921 [main] DEBUG org.apache.poi.openxml4j.opc.PackageRelationshipCollection(36) Parsing relationship: /_rels/.rels
2024-08-12 10:48:02.947 [main] INFO  testCases.TC003_LoginDDT(36) ***************Starting the TC003_LoginDDT*************************
2024-08-12 10:48:04.560 [main] INFO  testCases.TC003_LoginDDT(36) ***************Finished the TC003_LoginDDT*************************
2024-08-12 10:48:04.566 [main] INFO  testCases.TC003_LoginDDT(36) ***************Starting the TC003_LoginDDT*************************
2024-08-12 10:48:06.439 [main] INFO  testCases.TC003_LoginDDT(36) ***************Finished the TC003_LoginDDT*************************
2024-08-12 10:48:06.442 [main] INFO  testCases.TC003_LoginDDT(36) ***************Starting the TC003_LoginDDT*************************
2024-08-12 10:48:17.455 [main] INFO  testCases.TC003_LoginDDT(36) ***************Finished the TC003_LoginDDT*************************
2024-08-12 10:48:17.459 [main] INFO  testCases.TC003_LoginDDT(36) ***************Starting the TC003_LoginDDT*************************
2024-08-12 10:53:11.250 [main] DEBUG org.testng.TestNG(36) suiteXmlPath: "C:\Users\user\eclipse-workspace\OPENCARTPROJECTV121\master.xml"
2024-08-12 10:53:11.456 [main] INFO  org.testng.internal.Utils(36) [TestNG] Running:
  C:\Users\user\eclipse-workspace\OPENCARTPROJECTV121\master.xml

2024-08-12 10:53:14.628 [main] DEBUG org.apache.poi.openxml4j.opc.PackageRelationshipCollection(36) Parsing relationship: /xl/_rels/workbook.xml.rels
2024-08-12 10:53:14.630 [main] DEBUG org.apache.poi.openxml4j.opc.PackageRelationshipCollection(36) Parsing relationship: /xl/worksheets/_rels/sheet1.xml.rels
2024-08-12 10:53:14.632 [main] DEBUG org.apache.poi.openxml4j.opc.PackageRelationshipCollection(36) Parsing relationship: /_rels/.rels
2024-08-12 10:53:15.068 [main] DEBUG org.apache.poi.openxml4j.opc.PackageRelationshipCollection(36) Parsing relationship: /xl/_rels/workbook.xml.rels
2024-08-12 10:53:15.069 [main] DEBUG org.apache.poi.openxml4j.opc.PackageRelationshipCollection(36) Parsing relationship: /xl/worksheets/_rels/sheet1.xml.rels
2024-08-12 10:53:15.070 [main] DEBUG org.apache.poi.openxml4j.opc.PackageRelationshipCollection(36) Parsing relationship: /_rels/.rels
2024-08-12 10:53:15.096 [main] DEBUG org.apache.poi.openxml4j.opc.PackageRelationshipCollection(36) Parsing relationship: /xl/_rels/workbook.xml.rels
2024-08-12 10:53:15.097 [main] DEBUG org.apache.poi.openxml4j.opc.PackageRelationshipCollection(36) Parsing relationship: /xl/worksheets/_rels/sheet1.xml.rels
2024-08-12 10:53:15.097 [main] DEBUG org.apache.poi.openxml4j.opc.PackageRelationshipCollection(36) Parsing relationship: /_rels/.rels
2024-08-12 10:53:15.126 [main] DEBUG org.apache.poi.openxml4j.opc.PackageRelationshipCollection(36) Parsing relationship: /xl/_rels/workbook.xml.rels
2024-08-12 10:53:15.127 [main] DEBUG org.apache.poi.openxml4j.opc.PackageRelationshipCollection(36) Parsing relationship: /xl/worksheets/_rels/sheet1.xml.rels
2024-08-12 10:53:15.128 [main] DEBUG org.apache.poi.openxml4j.opc.PackageRelationshipCollection(36) Parsing relationship: /_rels/.rels
2024-08-12 10:53:15.146 [main] DEBUG org.apache.poi.openxml4j.opc.PackageRelationshipCollection(36) Parsing relationship: /xl/_rels/workbook.xml.rels
2024-08-12 10:53:15.147 [main] DEBUG org.apache.poi.openxml4j.opc.PackageRelationshipCollection(36) Parsing relationship: /xl/worksheets/_rels/sheet1.xml.rels
2024-08-12 10:53:15.148 [main] DEBUG org.apache.poi.openxml4j.opc.PackageRelationshipCollection(36) Parsing relationship: /_rels/.rels
2024-08-12 10:53:15.166 [main] DEBUG org.apache.poi.openxml4j.opc.PackageRelationshipCollection(36) Parsing relationship: /xl/_rels/workbook.xml.rels
2024-08-12 10:53:15.167 [main] DEBUG org.apache.poi.openxml4j.opc.PackageRelationshipCollection(36) Parsing relationship: /xl/worksheets/_rels/sheet1.xml.rels
2024-08-12 10:53:15.168 [main] DEBUG org.apache.poi.openxml4j.opc.PackageRelationshipCollection(36) Parsing relationship: /_rels/.rels
2024-08-12 10:53:15.184 [main] DEBUG org.apache.poi.openxml4j.opc.PackageRelationshipCollection(36) Parsing relationship: /xl/_rels/workbook.xml.rels
2024-08-12 10:53:15.185 [main] DEBUG org.apache.poi.openxml4j.opc.PackageRelationshipCollection(36) Parsing relationship: /xl/worksheets/_rels/sheet1.xml.rels
2024-08-12 10:53:15.186 [main] DEBUG org.apache.poi.openxml4j.opc.PackageRelationshipCollection(36) Parsing relationship: /_rels/.rels
2024-08-12 10:53:15.203 [main] DEBUG org.apache.poi.openxml4j.opc.PackageRelationshipCollection(36) Parsing relationship: /xl/_rels/workbook.xml.rels
2024-08-12 10:53:15.204 [main] DEBUG org.apache.poi.openxml4j.opc.PackageRelationshipCollection(36) Parsing relationship: /xl/worksheets/_rels/sheet1.xml.rels
2024-08-12 10:53:15.205 [main] DEBUG org.apache.poi.openxml4j.opc.PackageRelationshipCollection(36) Parsing relationship: /_rels/.rels
2024-08-12 10:53:15.221 [main] DEBUG org.apache.poi.openxml4j.opc.PackageRelationshipCollection(36) Parsing relationship: /xl/_rels/workbook.xml.rels
2024-08-12 10:53:15.221 [main] DEBUG org.apache.poi.openxml4j.opc.PackageRelationshipCollection(36) Parsing relationship: /xl/worksheets/_rels/sheet1.xml.rels
2024-08-12 10:53:15.222 [main] DEBUG org.apache.poi.openxml4j.opc.PackageRelationshipCollection(36) Parsing relationship: /_rels/.rels
2024-08-12 10:53:15.239 [main] DEBUG org.apache.poi.openxml4j.opc.PackageRelationshipCollection(36) Parsing relationship: /xl/_rels/workbook.xml.rels
2024-08-12 10:53:15.240 [main] DEBUG org.apache.poi.openxml4j.opc.PackageRelationshipCollection(36) Parsing relationship: /xl/worksheets/_rels/sheet1.xml.rels
2024-08-12 10:53:15.240 [main] DEBUG org.apache.poi.openxml4j.opc.PackageRelationshipCollection(36) Parsing relationship: /_rels/.rels
2024-08-12 10:53:15.257 [main] DEBUG org.apache.poi.openxml4j.opc.PackageRelationshipCollection(36) Parsing relationship: /xl/_rels/workbook.xml.rels
2024-08-12 10:53:15.258 [main] DEBUG org.apache.poi.openxml4j.opc.PackageRelationshipCollection(36) Parsing relationship: /xl/worksheets/_rels/sheet1.xml.rels
2024-08-12 10:53:15.259 [main] DEBUG org.apache.poi.openxml4j.opc.PackageRelationshipCollection(36) Parsing relationship: /_rels/.rels
2024-08-12 10:53:15.284 [main] INFO  testCases.TC003_LoginDDT(36) ***************Starting the TC003_LoginDDT*************************
2024-08-12 10:53:16.965 [main] INFO  testCases.TC003_LoginDDT(36) ***************Finished the TC003_LoginDDT*************************
2024-08-12 10:53:16.971 [main] INFO  testCases.TC003_LoginDDT(36) ***************Starting the TC003_LoginDDT*************************
2024-08-12 10:53:18.432 [main] INFO  testCases.TC003_LoginDDT(36) ***************Finished the TC003_LoginDDT*************************
2024-08-12 10:53:18.435 [main] INFO  testCases.TC003_LoginDDT(36) ***************Starting the TC003_LoginDDT*************************
2024-08-12 10:53:29.356 [main] INFO  testCases.TC003_LoginDDT(36) ***************Finished the TC003_LoginDDT*************************
2024-08-12 10:53:29.359 [main] INFO  testCases.TC003_LoginDDT(36) ***************Starting the TC003_LoginDDT*************************
2024-08-13 09:07:41.469 [main] DEBUG org.testng.TestNG(36) suiteXmlPath: "C:\Users\user\eclipse-workspace\OPENCARTPROJECTV121\grouping.xml"
2024-08-13 09:07:41.729 [main] INFO  org.testng.internal.Utils(36) [TestNG] Running:
  C:\Users\user\eclipse-workspace\OPENCARTPROJECTV121\grouping.xml

2024-08-13 09:07:48.470 [main] INFO  testCases.TC001_AccountRegistrationTest(36) **************************Starting TC001_AccountRegistrationTest*************************************
2024-08-13 09:07:48.590 [main] INFO  testCases.TC001_AccountRegistrationTest(36) ********Clicked on MyAccount Link************
2024-08-13 09:07:49.065 [main] INFO  testCases.TC001_AccountRegistrationTest(36) ********Clicked on Registration Link************
2024-08-13 09:07:49.067 [main] INFO  testCases.TC001_AccountRegistrationTest(36) ********providing customer Details************
2024-08-13 09:07:50.414 [main] INFO  testCases.TC001_AccountRegistrationTest(36) ********Validating Expected message************
2024-08-13 09:07:50.456 [main] INFO  testCases.TC001_AccountRegistrationTest(36) ***************Finished TC001_AccountRegistrationTest*********************
2024-08-13 09:07:52.923 [main] INFO  testCases.TC002_LoginTest(36) **********Starting TC002_LoginTest**************
2024-08-13 09:07:54.118 [main] INFO  testCases.TC002_LoginTest(36) ********Finished TC002_LoginTest***************
2024-08-13 09:09:36.083 [main] DEBUG org.testng.TestNG(36) suiteXmlPath: "C:\Users\user\eclipse-workspace\OPENCARTPROJECTV121\grouping.xml"
2024-08-13 09:09:36.313 [main] INFO  org.testng.internal.Utils(36) [TestNG] Running:
  C:\Users\user\eclipse-workspace\OPENCARTPROJECTV121\grouping.xml

2024-08-13 09:09:39.249 [main] INFO  testCases.TC002_LoginTest(36) **********Starting TC002_LoginTest**************
2024-08-13 09:09:40.505 [main] INFO  testCases.TC002_LoginTest(36) ********Finished TC002_LoginTest***************
2024-08-13 10:57:25.347 [main] DEBUG org.testng.TestNG(36) suiteXmlPath: "C:\Users\user\eclipse-workspace\OPENCARTPROJECTV121\grouping.xml"
2024-08-13 10:57:25.584 [main] INFO  org.testng.internal.Utils(36) [TestNG] Running:
  C:\Users\user\eclipse-workspace\OPENCARTPROJECTV121\grouping.xml

2024-08-13 10:57:48.414 [main] INFO  testCases.TC001_AccountRegistrationTest(36) **************************Starting TC001_AccountRegistrationTest*************************************
2024-08-13 10:57:48.519 [main] INFO  testCases.TC001_AccountRegistrationTest(36) ********Clicked on MyAccount Link************
2024-08-13 10:57:49.082 [main] INFO  testCases.TC001_AccountRegistrationTest(36) ********Clicked on Registration Link************
2024-08-13 10:57:49.087 [main] INFO  testCases.TC001_AccountRegistrationTest(36) ********providing customer Details************
2024-08-13 10:57:50.402 [main] INFO  testCases.TC001_AccountRegistrationTest(36) ********Validating Expected message************
2024-08-13 10:57:50.452 [main] INFO  testCases.TC001_AccountRegistrationTest(36) ***************Finished TC001_AccountRegistrationTest*********************
2024-08-13 10:58:03.775 [main] INFO  testCases.TC002_LoginTest(36) **********Starting TC002_LoginTest**************
2024-08-13 10:58:05.003 [main] INFO  testCases.TC002_LoginTest(36) ********Finished TC002_LoginTest***************
2024-08-13 10:59:12.821 [main] DEBUG org.testng.TestNG(36) suiteXmlPath: "C:\Users\user\eclipse-workspace\OPENCARTPROJECTV121\grouping.xml"
2024-08-13 10:59:13.046 [main] INFO  org.testng.internal.Utils(36) [TestNG] Running:
  C:\Users\user\eclipse-workspace\OPENCARTPROJECTV121\grouping.xml

2024-08-13 10:59:18.654 [main] INFO  testCases.TC001_AccountRegistrationTest(36) **************************Starting TC001_AccountRegistrationTest*************************************
2024-08-13 10:59:18.767 [main] INFO  testCases.TC001_AccountRegistrationTest(36) ********Clicked on MyAccount Link************
2024-08-13 10:59:19.487 [main] INFO  testCases.TC001_AccountRegistrationTest(36) ********Clicked on Registration Link************
2024-08-13 10:59:19.489 [main] INFO  testCases.TC001_AccountRegistrationTest(36) ********providing customer Details************
2024-08-13 10:59:21.168 [main] INFO  testCases.TC001_AccountRegistrationTest(36) ********Validating Expected message************
2024-08-13 10:59:21.219 [main] INFO  testCases.TC001_AccountRegistrationTest(36) ***************Finished TC001_AccountRegistrationTest*********************
2024-08-13 10:59:29.867 [main] INFO  testCases.TC002_LoginTest(36) **********Starting TC002_LoginTest**************
2024-08-13 10:59:32.526 [main] INFO  testCases.TC002_LoginTest(36) ********Finished TC002_LoginTest***************
2024-08-13 11:03:14.291 [main] DEBUG org.testng.TestNG(36) suiteXmlPath: "C:\Users\user\eclipse-workspace\OPENCARTPROJECTV121\grouping.xml"
2024-08-13 11:03:14.525 [main] INFO  org.testng.internal.Utils(36) [TestNG] Running:
  C:\Users\user\eclipse-workspace\OPENCARTPROJECTV121\grouping.xml

2024-08-13 11:03:18.665 [main] INFO  testCases.TC001_AccountRegistrationTest(36) **************************Starting TC001_AccountRegistrationTest*************************************
2024-08-13 11:03:18.772 [main] INFO  testCases.TC001_AccountRegistrationTest(36) ********Clicked on MyAccount Link************
2024-08-13 11:03:19.460 [main] INFO  testCases.TC001_AccountRegistrationTest(36) ********Clicked on Registration Link************
2024-08-13 11:03:19.463 [main] INFO  testCases.TC001_AccountRegistrationTest(36) ********providing customer Details************
2024-08-13 11:03:20.822 [main] INFO  testCases.TC001_AccountRegistrationTest(36) ********Validating Expected message************
2024-08-13 11:03:20.866 [main] INFO  testCases.TC001_AccountRegistrationTest(36) ***************Finished TC001_AccountRegistrationTest*********************
2024-08-13 11:03:24.098 [main] INFO  testCases.TC002_LoginTest(36) **********Starting TC002_LoginTest**************
2024-08-13 11:03:25.317 [main] INFO  testCases.TC002_LoginTest(36) ********Finished TC002_LoginTest***************
2024-08-13 11:17:24.084 [main] DEBUG org.testng.TestNG(36) suiteXmlPath: "C:\Users\user\eclipse-workspace\OPENCARTPROJECTV121\master.xml"
2024-08-13 11:17:24.289 [main] INFO  org.testng.internal.Utils(36) [TestNG] Running:
  C:\Users\user\eclipse-workspace\OPENCARTPROJECTV121\master.xml

2024-08-13 11:17:29.632 [main] DEBUG org.apache.poi.openxml4j.opc.PackageRelationshipCollection(36) Parsing relationship: /xl/_rels/workbook.xml.rels
